{"tag": "function", "depth": 1, "time": 1762910570.5980155, "data": {"name": "connect_device", "call_args": {"uri": "android://127.0.0.1:5037/6HU0222721001385?cap_method=ADBCAP&touch_method=MAXTOUCH&"}, "start_time": 1762910570.2906508, "ret": "<Android '6HU0222721001385'>", "end_time": 1762910570.5980155}}
{"tag": "function", "depth": 3, "time": 1762910571.6448295, "data": {"name": "_cv_match", "call_args": {"screen": "array([[[255, 247, 244],\n        [255, 246, 243],\n        [255, 246, 243],\n        ...,\n        [255, 243, 226],\n        [255, 243, 226],\n        [255, 243, 226]],\n\n       [[255, 246, 243],\n        [255, 246, 243],\n        [255, 246, 243],\n        ...,\n        [255, 243, 226],\n        [255, 243, 226],\n        [255, 242, 226]],\n\n       [[255, 246, 243],\n        [255, 246, 243],\n        [255, 245, 242],\n        ...,\n        [255, 242, 225],\n        [255, 242, 225],\n        [255, 242, 225]],\n\n       ...,\n\n       [[255, 255, 255],\n        [255, 255, 255],\n        [255, 255, 255],\n        ...,\n        [255, 255, 255],\n        [255, 255, 255],\n        [255, 255, 255]],\n\n       [[255, 255, 255],\n        [255, 255, 255],\n        [255, 255, 255],\n        ...,\n        [255, 255, 255],\n        [255, 255, 255],\n        [255, 255, 255]],\n\n       [[255, 255, 255],\n        [255, 255, 255],\n        [255, 255, 255],\n        ...,\n        [255, 255, 255],\n        [255, 255, 255],\n        [255, 255, 255]]], dtype=uint8)"}, "start_time": 1762910571.6116793, "ret": {"result": [221, 177], "rectangle": [[184.312, 145.42399999999998], [184.312, 209.42399999999998], [259.312, 209.42399999999998], [259.312, 145.42399999999998]], "confidence": 0.999899685382843, "time": 0.011021137237548828}, "end_time": 1762910571.6448295}}
{"tag": "function", "depth": 3, "time": 1762910571.6926723, "data": {"name": "try_log_screen", "call_args": {"screen": "array([[[255, 247, 244],\n        [255, 246, 243],\n        [255, 246, 243],\n        ...,\n        [255, 243, 226],\n        [255, 243, 226],\n        [255, 243, 226]],\n\n       [[255, 246, 243],\n        [255, 246, 243],\n        [255, 246, 243],\n        ...,\n        [255, 243, 226],\n        [255, 243, 226],\n        [255, 242, 226]],\n\n       [[255, 246, 243],\n        [255, 246, 243],\n        [255, 245, 242],\n        ...,\n        [255, 242, 225],\n        [255, 242, 225],\n        [255, 242, 225]],\n\n       ...,\n\n       [[255, 255, 255],\n        [255, 255, 255],\n        [255, 255, 255],\n        ...,\n        [255, 255, 255],\n        [255, 255, 255],\n        [255, 255, 255]],\n\n       [[255, 255, 255],\n        [255, 255, 255],\n        [255, 255, 255],\n        ...,\n        [255, 255, 255],\n        [255, 255, 255],\n        [255, 255, 255]],\n\n       [[255, 255, 255],\n        [255, 255, 255],\n        [255, 255, 255],\n        ...,\n        [255, 255, 255],\n        [255, 255, 255],\n        [255, 255, 255]]], dtype=uint8)", "quality": null, "max_size": null}, "start_time": 1762910571.6461964, "ret": {"screen": "1762910571646.jpg", "resolution": [1176, 2480]}, "end_time": 1762910571.6926723}}
{"tag": "function", "depth": 2, "time": 1762910571.6936796, "data": {"name": "loop_find", "call_args": {"query": {"filename": "tpl1762401125735.png", "_filepath": "C:\\Users\\74515\\Desktop\\UI\u81ea\u52a8\u5316\u6d4b\u8bd5_\u4f53\u9a8c\u7248\\logout\\tpl1762401125735.png", "threshold": 0.9000000000000001, "target_pos": 5, "record_pos": [-0.288, -0.901], "resolution": [1176, 2480], "rgb": true, "scale_max": 800, "scale_step": 0.005, "__class__": "Template"}, "timeout": 10, "threshold": null, "interval": 0.5, "intervalfunc": null}, "start_time": 1762910570.5990121, "ret": [221, 177], "end_time": 1762910571.6936796}}
{"tag": "function", "depth": 1, "time": 1762910573.930913, "data": {"name": "touch", "call_args": {"v": {"filename": "tpl1762401125735.png", "_filepath": "C:\\Users\\74515\\Desktop\\UI\u81ea\u52a8\u5316\u6d4b\u8bd5_\u4f53\u9a8c\u7248\\logout\\tpl1762401125735.png", "threshold": 0.9000000000000001, "target_pos": 5, "record_pos": [-0.288, -0.901], "resolution": [1176, 2480], "rgb": true, "scale_max": 800, "scale_step": 0.005, "__class__": "Template"}, "kwargs": {}, "times": 1}, "start_time": 1762910570.5980155, "ret": [221, 177], "end_time": 1762910573.930913}}
{"tag": "function", "depth": 3, "time": 1762910575.7375498, "data": {"name": "_cv_match", "call_args": {"screen": "array([[[255, 238, 219],\n        [255, 238, 219],\n        [255, 238, 218],\n        ...,\n        [255, 246, 232],\n        [255, 246, 232],\n        [255, 246, 232]],\n\n       [[255, 237, 218],\n        [255, 237, 218],\n        [255, 237, 217],\n        ...,\n        [255, 246, 231],\n        [255, 246, 231],\n        [255, 246, 231]],\n\n       [[255, 236, 216],\n        [255, 236, 216],\n        [255, 236, 215],\n        ...,\n        [255, 245, 231],\n        [255, 245, 231],\n        [255, 245, 231]],\n\n       ...,\n\n       [[255, 255, 255],\n        [255, 255, 255],\n        [255, 255, 255],\n        ...,\n        [255, 255, 255],\n        [255, 255, 255],\n        [255, 255, 255]],\n\n       [[255, 255, 255],\n        [255, 255, 255],\n        [255, 255, 255],\n        ...,\n        [255, 255, 255],\n        [255, 255, 255],\n        [255, 255, 255]],\n\n       [[255, 255, 255],\n        [255, 255, 255],\n        [255, 255, 255],\n        ...,\n        [255, 255, 255],\n        [255, 255, 255],\n        [255, 255, 255]]], dtype=uint8)"}, "start_time": 1762910574.588998, "ret": null, "end_time": 1762910575.7375498}}
{"tag": "function", "depth": 3, "time": 1762910577.9735456, "data": {"name": "_cv_match", "call_args": {"screen": "array([[[255, 247, 244],\n        [255, 246, 243],\n        [255, 246, 243],\n        ...,\n        [255, 243, 226],\n        [255, 243, 226],\n        [255, 243, 226]],\n\n       [[255, 246, 243],\n        [255, 246, 243],\n        [255, 246, 243],\n        ...,\n        [255, 243, 226],\n        [255, 243, 226],\n        [255, 242, 226]],\n\n       [[255, 246, 243],\n        [255, 246, 243],\n        [255, 245, 242],\n        ...,\n        [255, 242, 225],\n        [255, 242, 225],\n        [255, 242, 225]],\n\n       ...,\n\n       [[255, 255, 255],\n        [255, 255, 255],\n        [255, 255, 255],\n        ...,\n        [255, 255, 255],\n        [255, 255, 255],\n        [255, 255, 255]],\n\n       [[255, 255, 255],\n        [255, 255, 255],\n        [255, 255, 255],\n        ...,\n        [255, 255, 255],\n        [255, 255, 255],\n        [255, 255, 255]],\n\n       [[255, 255, 255],\n        [255, 255, 255],\n        [255, 255, 255],\n        ...,\n        [255, 255, 255],\n        [255, 255, 255],\n        [255, 255, 255]]], dtype=uint8)"}, "start_time": 1762910576.962928, "ret": null, "end_time": 1762910577.9725463}}
{"tag": "function", "depth": 3, "time": 1762910580.3553061, "data": {"name": "_cv_match", "call_args": {"screen": "array([[[255, 247, 244],\n        [255, 246, 243],\n        [255, 246, 243],\n        ...,\n        [255, 243, 226],\n        [255, 243, 226],\n        [255, 243, 226]],\n\n       [[255, 246, 243],\n        [255, 246, 243],\n        [255, 246, 243],\n        ...,\n        [255, 243, 226],\n        [255, 243, 226],\n        [255, 242, 226]],\n\n       [[255, 246, 243],\n        [255, 246, 243],\n        [255, 245, 242],\n        ...,\n        [255, 242, 225],\n        [255, 242, 225],\n        [255, 242, 225]],\n\n       ...,\n\n       [[255, 255, 255],\n        [255, 255, 255],\n        [255, 255, 255],\n        ...,\n        [255, 255, 255],\n        [255, 255, 255],\n        [255, 255, 255]],\n\n       [[255, 255, 255],\n        [255, 255, 255],\n        [255, 255, 255],\n        ...,\n        [255, 255, 255],\n        [255, 255, 255],\n        [255, 255, 255]],\n\n       [[255, 255, 255],\n        [255, 255, 255],\n        [255, 255, 255],\n        ...,\n        [255, 255, 255],\n        [255, 255, 255],\n        [255, 255, 255]]], dtype=uint8)"}, "start_time": 1762910579.2337725, "ret": null, "end_time": 1762910580.3553061}}
{"tag": "function", "depth": 3, "time": 1762910582.797363, "data": {"name": "_cv_match", "call_args": {"screen": "array([[[255, 247, 244],\n        [255, 246, 243],\n        [255, 246, 243],\n        ...,\n        [255, 243, 226],\n        [255, 243, 226],\n        [255, 243, 226]],\n\n       [[255, 246, 243],\n        [255, 246, 243],\n        [255, 246, 243],\n        ...,\n        [255, 243, 226],\n        [255, 243, 226],\n        [255, 242, 226]],\n\n       [[255, 246, 243],\n        [255, 246, 243],\n        [255, 245, 242],\n        ...,\n        [255, 242, 225],\n        [255, 242, 225],\n        [255, 242, 225]],\n\n       ...,\n\n       [[255, 255, 255],\n        [255, 255, 255],\n        [255, 255, 255],\n        ...,\n        [255, 255, 255],\n        [255, 255, 255],\n        [255, 255, 255]],\n\n       [[255, 255, 255],\n        [255, 255, 255],\n        [255, 255, 255],\n        ...,\n        [255, 255, 255],\n        [255, 255, 255],\n        [255, 255, 255]],\n\n       [[255, 255, 255],\n        [255, 255, 255],\n        [255, 255, 255],\n        ...,\n        [255, 255, 255],\n        [255, 255, 255],\n        [255, 255, 255]]], dtype=uint8)"}, "start_time": 1762910581.571147, "ret": null, "end_time": 1762910582.797363}}
{"tag": "function", "depth": 3, "time": 1762910585.0251296, "data": {"name": "_cv_match", "call_args": {"screen": "array([[[255, 247, 244],\n        [255, 246, 243],\n        [255, 246, 243],\n        ...,\n        [255, 243, 226],\n        [255, 243, 226],\n        [255, 243, 226]],\n\n       [[255, 246, 243],\n        [255, 246, 243],\n        [255, 246, 243],\n        ...,\n        [255, 243, 226],\n        [255, 243, 226],\n        [255, 242, 226]],\n\n       [[255, 246, 243],\n        [255, 246, 243],\n        [255, 245, 242],\n        ...,\n        [255, 242, 225],\n        [255, 242, 225],\n        [255, 242, 225]],\n\n       ...,\n\n       [[255, 255, 255],\n        [255, 255, 255],\n        [255, 255, 255],\n        ...,\n        [255, 255, 255],\n        [255, 255, 255],\n        [255, 255, 255]],\n\n       [[255, 255, 255],\n        [255, 255, 255],\n        [255, 255, 255],\n        ...,\n        [255, 255, 255],\n        [255, 255, 255],\n        [255, 255, 255]],\n\n       [[255, 255, 255],\n        [255, 255, 255],\n        [255, 255, 255],\n        ...,\n        [255, 255, 255],\n        [255, 255, 255],\n        [255, 255, 255]]], dtype=uint8)"}, "start_time": 1762910584.0247426, "ret": null, "end_time": 1762910585.0251296}}
{"tag": "function", "depth": 3, "time": 1762910585.0578892, "data": {"name": "try_log_screen", "call_args": {"screen": "array([[[255, 247, 244],\n        [255, 246, 243],\n        [255, 246, 243],\n        ...,\n        [255, 243, 226],\n        [255, 243, 226],\n        [255, 243, 226]],\n\n       [[255, 246, 243],\n        [255, 246, 243],\n        [255, 246, 243],\n        ...,\n        [255, 243, 226],\n        [255, 243, 226],\n        [255, 242, 226]],\n\n       [[255, 246, 243],\n        [255, 246, 243],\n        [255, 245, 242],\n        ...,\n        [255, 242, 225],\n        [255, 242, 225],\n        [255, 242, 225]],\n\n       ...,\n\n       [[255, 255, 255],\n        [255, 255, 255],\n        [255, 255, 255],\n        ...,\n        [255, 255, 255],\n        [255, 255, 255],\n        [255, 255, 255]],\n\n       [[255, 255, 255],\n        [255, 255, 255],\n        [255, 255, 255],\n        ...,\n        [255, 255, 255],\n        [255, 255, 255],\n        [255, 255, 255]],\n\n       [[255, 255, 255],\n        [255, 255, 255],\n        [255, 255, 255],\n        ...,\n        [255, 255, 255],\n        [255, 255, 255],\n        [255, 255, 255]]], dtype=uint8)", "quality": null, "max_size": null}, "start_time": 1762910585.0251296, "ret": {"screen": "1762910585025.jpg", "resolution": [1176, 2480]}, "end_time": 1762910585.0578892}}
{"tag": "function", "depth": 2, "time": 1762910585.070274, "data": {"name": "loop_find", "call_args": {"query": {"filename": "tpl1762408775593.png", "_filepath": "C:\\Users\\74515\\Desktop\\UI\u81ea\u52a8\u5316\u6d4b\u8bd5_\u4f53\u9a8c\u7248\\logout\\tpl1762408775593.png", "threshold": 0.8500000000000001, "target_pos": 5, "record_pos": [-0.292, -0.9], "resolution": [1176, 2480], "rgb": false, "scale_max": 800, "scale_step": 0.005, "__class__": "Template"}, "timeout": 10, "threshold": 0.8500000000000001, "interval": 0.5, "intervalfunc": null}, "start_time": 1762910573.930913, "traceback": "Traceback (most recent call last):\n  File \"C:\\Users\\74515\\AppData\\Local\\Programs\\Python\\Python311\\Lib\\site-packages\\airtest\\utils\\logwraper.py\", line 134, in wrapper\n    res = f(*args, **kwargs)\n          ^^^^^^^^^^^^^^^^^^\n  File \"C:\\Users\\74515\\AppData\\Local\\Programs\\Python\\Python311\\Lib\\site-packages\\airtest\\core\\cv.py\", line 80, in loop_find\n    raise TargetNotFoundError('Picture %s not found in screen' % query)\nairtest.core.error.TargetNotFoundError: 'Picture Template(C:\\\\Users\\\\74515\\\\Desktop\\\\UI\u81ea\u52a8\u5316\u6d4b\u8bd5_\u4f53\u9a8c\u7248\\\\logout\\\\tpl1762408775593.png) not found in screen'\n", "end_time": 1762910585.070274}}
{"tag": "function", "depth": 1, "time": 1762910585.0722768, "data": {"name": "assert_exists", "call_args": {"v": {"filename": "tpl1762408775593.png", "_filepath": "C:\\Users\\74515\\Desktop\\UI\u81ea\u52a8\u5316\u6d4b\u8bd5_\u4f53\u9a8c\u7248\\logout\\tpl1762408775593.png", "threshold": 0.8500000000000001, "target_pos": 5, "record_pos": [-0.292, -0.9], "resolution": [1176, 2480], "rgb": false, "scale_max": 800, "scale_step": 0.005, "__class__": "Template"}, "msg": "\u8d26\u53f7\u5df2\u767b\u5f55"}, "start_time": 1762910573.930913, "traceback": "Traceback (most recent call last):\n  File \"C:\\Users\\74515\\AppData\\Local\\Programs\\Python\\Python311\\Lib\\site-packages\\airtest\\core\\assertions.py\", line 27, in assert_exists\n    pos = loop_find(v, timeout=ST.FIND_TIMEOUT, threshold=ST.THRESHOLD_STRICT or v.threshold)\n          ^^^^^^^^^^^^^^^^^^^^^^^^^^^^^^^^^^^^^^^^^^^^^^^^^^^^^^^^^^^^^^^^^^^^^^^^^^^^^^^^^^^\n  File \"C:\\Users\\74515\\AppData\\Local\\Programs\\Python\\Python311\\Lib\\site-packages\\airtest\\utils\\logwraper.py\", line 134, in wrapper\n    res = f(*args, **kwargs)\n          ^^^^^^^^^^^^^^^^^^\n  File \"C:\\Users\\74515\\AppData\\Local\\Programs\\Python\\Python311\\Lib\\site-packages\\airtest\\core\\cv.py\", line 80, in loop_find\n    raise TargetNotFoundError('Picture %s not found in screen' % query)\nairtest.core.error.TargetNotFoundError: 'Picture Template(C:\\\\Users\\\\74515\\\\Desktop\\\\UI\u81ea\u52a8\u5316\u6d4b\u8bd5_\u4f53\u9a8c\u7248\\\\logout\\\\tpl1762408775593.png) not found in screen'\n\nDuring handling of the above exception, another exception occurred:\n\nTraceback (most recent call last):\n  File \"C:\\Users\\74515\\AppData\\Local\\Programs\\Python\\Python311\\Lib\\site-packages\\airtest\\utils\\logwraper.py\", line 134, in wrapper\n    res = f(*args, **kwargs)\n          ^^^^^^^^^^^^^^^^^^\n  File \"C:\\Users\\74515\\AppData\\Local\\Programs\\Python\\Python311\\Lib\\site-packages\\airtest\\core\\assertions.py\", line 30, in assert_exists\n    raise AssertionError(\"%s does not exist in screen, message: %s\" % (v, msg))\nAssertionError: Template(C:\\Users\\74515\\Desktop\\UI\u81ea\u52a8\u5316\u6d4b\u8bd5_\u4f53\u9a8c\u7248\\logout\\tpl1762408775593.png) does not exist in screen, message: \u8d26\u53f7\u5df2\u767b\u5f55\n", "end_time": 1762910585.0722768}}
{"tag": "function", "depth": 3, "time": 1762910585.8169792, "data": {"name": "_cv_match", "call_args": {"screen": "array([[[255, 247, 244],\n        [255, 246, 243],\n        [255, 246, 243],\n        ...,\n        [255, 243, 226],\n        [255, 243, 226],\n        [255, 243, 226]],\n\n       [[255, 246, 243],\n        [255, 246, 243],\n        [255, 246, 243],\n        ...,\n        [255, 243, 226],\n        [255, 243, 226],\n        [255, 242, 226]],\n\n       [[255, 246, 243],\n        [255, 246, 243],\n        [255, 245, 242],\n        ...,\n        [255, 242, 225],\n        [255, 242, 225],\n        [255, 242, 225]],\n\n       ...,\n\n       [[255, 255, 255],\n        [255, 255, 255],\n        [255, 255, 255],\n        ...,\n        [255, 255, 255],\n        [255, 255, 255],\n        [255, 255, 255]],\n\n       [[255, 255, 255],\n        [255, 255, 255],\n        [255, 255, 255],\n        ...,\n        [255, 255, 255],\n        [255, 255, 255],\n        [255, 255, 255]],\n\n       [[255, 255, 255],\n        [255, 255, 255],\n        [255, 255, 255],\n        ...,\n        [255, 255, 255],\n        [255, 255, 255],\n        [255, 255, 255]]], dtype=uint8)"}, "start_time": 1762910585.7994483, "ret": {"result": [621, 181], "rectangle": [[552.544, 135.12799999999993], [552.544, 227.12799999999993], [689.544, 227.12799999999993], [689.544, 135.12799999999993]], "confidence": 0.9873028993606567, "time": 0.0055043697357177734}, "end_time": 1762910585.8169792}}
{"tag": "function", "depth": 3, "time": 1762910585.8479922, "data": {"name": "try_log_screen", "call_args": {"screen": "array([[[255, 247, 244],\n        [255, 246, 243],\n        [255, 246, 243],\n        ...,\n        [255, 243, 226],\n        [255, 243, 226],\n        [255, 243, 226]],\n\n       [[255, 246, 243],\n        [255, 246, 243],\n        [255, 246, 243],\n        ...,\n        [255, 243, 226],\n        [255, 243, 226],\n        [255, 242, 226]],\n\n       [[255, 246, 243],\n        [255, 246, 243],\n        [255, 245, 242],\n        ...,\n        [255, 242, 225],\n        [255, 242, 225],\n        [255, 242, 225]],\n\n       ...,\n\n       [[255, 255, 255],\n        [255, 255, 255],\n        [255, 255, 255],\n        ...,\n        [255, 255, 255],\n        [255, 255, 255],\n        [255, 255, 255]],\n\n       [[255, 255, 255],\n        [255, 255, 255],\n        [255, 255, 255],\n        ...,\n        [255, 255, 255],\n        [255, 255, 255],\n        [255, 255, 255]],\n\n       [[255, 255, 255],\n        [255, 255, 255],\n        [255, 255, 255],\n        ...,\n        [255, 255, 255],\n        [255, 255, 255],\n        [255, 255, 255]]], dtype=uint8)", "quality": null, "max_size": null}, "start_time": 1762910585.8179798, "ret": {"screen": "1762910585817.jpg", "resolution": [1176, 2480]}, "end_time": 1762910585.8479922}}
{"tag": "function", "depth": 2, "time": 1762910585.8490746, "data": {"name": "loop_find", "call_args": {"query": {"filename": "tpl1762410914803.png", "_filepath": "C:\\Users\\74515\\Desktop\\UI\u81ea\u52a8\u5316\u6d4b\u8bd5_\u4f53\u9a8c\u7248\\logout\\tpl1762410914803.png", "threshold": 0.8, "target_pos": 5, "record_pos": [-0.031, -0.897], "resolution": [1176, 2480], "rgb": false, "scale_max": 800, "scale_step": 0.005, "__class__": "Template"}, "timeout": 10, "threshold": 0.8, "interval": 0.5, "intervalfunc": null}, "start_time": 1762910585.0732768, "ret": [621, 181], "end_time": 1762910585.8490746}}
{"tag": "function", "depth": 1, "time": 1762910585.850077, "data": {"name": "assert_exists", "call_args": {"v": {"filename": "tpl1762410914803.png", "_filepath": "C:\\Users\\74515\\Desktop\\UI\u81ea\u52a8\u5316\u6d4b\u8bd5_\u4f53\u9a8c\u7248\\logout\\tpl1762410914803.png", "threshold": 0.8, "target_pos": 5, "record_pos": [-0.031, -0.897], "resolution": [1176, 2480], "rgb": false, "scale_max": 800, "scale_step": 0.005, "__class__": "Template"}, "msg": "\u5df2\u9000\u51fa\u767b\u5f55"}, "start_time": 1762910585.0732768, "ret": [621, 181], "end_time": 1762910585.850077}}
