{"tag": "function", "depth": 1, "time": 1762650316.5939639, "data": {"name": "connect_device", "call_args": {"uri": "android://127.0.0.1:5037/6HU0222721001385?cap_method=ADBCAP&touch_method=MAXTOUCH&"}, "start_time": 1762650316.2938576, "ret": "<Android '6HU0222721001385'>", "end_time": 1762650316.5939639}}
{"tag": "function", "depth": 3, "time": 1762650320.4701633, "data": {"name": "_cv_match", "call_args": {"screen": "array([[[170, 117, 131],\n        [170, 117, 131],\n        [171, 118, 132],\n        ...,\n        [170, 116, 131],\n        [170, 116, 133],\n        [171, 117, 135]],\n\n       [[169, 115, 130],\n        [169, 115, 129],\n        [170, 117, 131],\n        ...,\n        [170, 116, 131],\n        [170, 116, 133],\n        [170, 116, 133]],\n\n       [[170, 116, 132],\n        [170, 116, 131],\n        [171, 118, 132],\n        ...,\n        [170, 117, 131],\n        [170, 116, 131],\n        [170, 116, 131]],\n\n       ...,\n\n       [[171, 118, 132],\n        [172, 119, 133],\n        [171, 117, 133],\n        ...,\n        [171, 118, 132],\n        [171, 118, 132],\n        [170, 117, 131]],\n\n       [[171, 118, 132],\n        [171, 118, 132],\n        [171, 118, 132],\n        ...,\n        [171, 118, 132],\n        [170, 117, 131],\n        [170, 117, 131]],\n\n       [[168, 114, 128],\n        [170, 117, 131],\n        [170, 117, 131],\n        ...,\n        [169, 115, 129],\n        [169, 115, 129],\n        [170, 117, 131]]], dtype=uint8)"}, "start_time": 1762650319.6889277, "ret": null, "end_time": 1762650320.4701633}}
{"tag": "function", "depth": 3, "time": 1762650323.1694407, "data": {"name": "_cv_match", "call_args": {"screen": "array([[[170, 117, 131],\n        [170, 117, 131],\n        [171, 118, 132],\n        ...,\n        [170, 116, 131],\n        [170, 116, 133],\n        [171, 117, 135]],\n\n       [[169, 115, 130],\n        [169, 115, 129],\n        [170, 117, 131],\n        ...,\n        [170, 116, 131],\n        [170, 116, 133],\n        [170, 116, 133]],\n\n       [[170, 116, 132],\n        [170, 116, 131],\n        [171, 118, 132],\n        ...,\n        [170, 117, 131],\n        [170, 116, 131],\n        [170, 116, 131]],\n\n       ...,\n\n       [[171, 118, 132],\n        [172, 119, 133],\n        [171, 117, 133],\n        ...,\n        [171, 118, 132],\n        [171, 118, 132],\n        [170, 117, 131]],\n\n       [[171, 118, 132],\n        [171, 118, 132],\n        [171, 118, 132],\n        ...,\n        [171, 118, 132],\n        [170, 117, 131],\n        [170, 117, 131]],\n\n       [[168, 114, 128],\n        [170, 117, 131],\n        [170, 117, 131],\n        ...,\n        [169, 115, 129],\n        [169, 115, 129],\n        [170, 117, 131]]], dtype=uint8)"}, "start_time": 1762650322.5501082, "ret": null, "end_time": 1762650323.1694407}}
{"tag": "function", "depth": 3, "time": 1762650325.8386335, "data": {"name": "_cv_match", "call_args": {"screen": "array([[[170, 117, 131],\n        [170, 117, 131],\n        [171, 118, 132],\n        ...,\n        [170, 116, 131],\n        [170, 116, 133],\n        [171, 117, 135]],\n\n       [[169, 115, 130],\n        [169, 115, 129],\n        [170, 117, 131],\n        ...,\n        [170, 116, 131],\n        [170, 116, 133],\n        [170, 116, 133]],\n\n       [[170, 116, 132],\n        [170, 116, 131],\n        [171, 118, 132],\n        ...,\n        [170, 117, 131],\n        [170, 116, 131],\n        [170, 116, 131]],\n\n       ...,\n\n       [[171, 118, 132],\n        [172, 119, 133],\n        [171, 117, 133],\n        ...,\n        [171, 118, 132],\n        [171, 118, 132],\n        [170, 117, 131]],\n\n       [[171, 118, 132],\n        [171, 118, 132],\n        [171, 118, 132],\n        ...,\n        [171, 118, 132],\n        [170, 117, 131],\n        [170, 117, 131]],\n\n       [[168, 114, 128],\n        [170, 117, 131],\n        [170, 117, 131],\n        ...,\n        [169, 115, 129],\n        [169, 115, 129],\n        [170, 117, 131]]], dtype=uint8)"}, "start_time": 1762650325.2192814, "ret": null, "end_time": 1762650325.8386335}}
{"tag": "function", "depth": 3, "time": 1762650328.574117, "data": {"name": "_cv_match", "call_args": {"screen": "array([[[170, 117, 131],\n        [170, 117, 131],\n        [171, 118, 132],\n        ...,\n        [170, 116, 131],\n        [170, 116, 133],\n        [171, 117, 135]],\n\n       [[169, 115, 130],\n        [169, 115, 129],\n        [170, 117, 131],\n        ...,\n        [170, 116, 131],\n        [170, 116, 133],\n        [170, 116, 133]],\n\n       [[170, 116, 132],\n        [170, 116, 131],\n        [171, 118, 132],\n        ...,\n        [170, 117, 131],\n        [170, 116, 131],\n        [170, 116, 131]],\n\n       ...,\n\n       [[171, 118, 132],\n        [172, 119, 133],\n        [171, 117, 133],\n        ...,\n        [171, 118, 132],\n        [171, 118, 132],\n        [170, 117, 131]],\n\n       [[171, 118, 132],\n        [171, 118, 132],\n        [171, 118, 132],\n        ...,\n        [171, 118, 132],\n        [170, 117, 131],\n        [170, 117, 131]],\n\n       [[168, 114, 128],\n        [170, 117, 131],\n        [170, 117, 131],\n        ...,\n        [169, 115, 129],\n        [169, 115, 129],\n        [170, 117, 131]]], dtype=uint8)"}, "start_time": 1762650327.9516504, "ret": null, "end_time": 1762650328.574117}}
{"tag": "function", "depth": 3, "time": 1762650328.6519446, "data": {"name": "try_log_screen", "call_args": {"screen": "array([[[170, 117, 131],\n        [170, 117, 131],\n        [171, 118, 132],\n        ...,\n        [170, 116, 131],\n        [170, 116, 133],\n        [171, 117, 135]],\n\n       [[169, 115, 130],\n        [169, 115, 129],\n        [170, 117, 131],\n        ...,\n        [170, 116, 131],\n        [170, 116, 133],\n        [170, 116, 133]],\n\n       [[170, 116, 132],\n        [170, 116, 131],\n        [171, 118, 132],\n        ...,\n        [170, 117, 131],\n        [170, 116, 131],\n        [170, 116, 131]],\n\n       ...,\n\n       [[171, 118, 132],\n        [172, 119, 133],\n        [171, 117, 133],\n        ...,\n        [171, 118, 132],\n        [171, 118, 132],\n        [170, 117, 131]],\n\n       [[171, 118, 132],\n        [171, 118, 132],\n        [171, 118, 132],\n        ...,\n        [171, 118, 132],\n        [170, 117, 131],\n        [170, 117, 131]],\n\n       [[168, 114, 128],\n        [170, 117, 131],\n        [170, 117, 131],\n        ...,\n        [169, 115, 129],\n        [169, 115, 129],\n        [170, 117, 131]]], dtype=uint8)", "quality": null, "max_size": null}, "start_time": 1762650328.574117, "ret": {"screen": "1762650328574.jpg", "resolution": [1176, 2480]}, "end_time": 1762650328.6519446}}
{"tag": "function", "depth": 2, "time": 1762650328.6519446, "data": {"name": "loop_find", "call_args": {"query": {"filename": "tpl1762401125735.png", "_filepath": "C:\\Users\\74515\\Desktop\\UI\u81ea\u52a8\u5316\u6d4b\u8bd5_\u4f53\u9a8c\u7248\\logout\\tpl1762401125735.png", "threshold": 0.9000000000000001, "target_pos": 5, "record_pos": [-0.288, -0.901], "resolution": [1176, 2480], "rgb": true, "scale_max": 800, "scale_step": 0.005, "__class__": "Template"}, "timeout": 10, "threshold": null, "interval": 0.5, "intervalfunc": null}, "start_time": 1762650316.5939639, "traceback": "Traceback (most recent call last):\n  File \"C:\\Users\\74515\\AppData\\Local\\Programs\\Python\\Python311\\Lib\\site-packages\\airtest\\utils\\logwraper.py\", line 134, in wrapper\n    res = f(*args, **kwargs)\n          ^^^^^^^^^^^^^^^^^^\n  File \"C:\\Users\\74515\\AppData\\Local\\Programs\\Python\\Python311\\Lib\\site-packages\\airtest\\core\\cv.py\", line 80, in loop_find\n    raise TargetNotFoundError('Picture %s not found in screen' % query)\nairtest.core.error.TargetNotFoundError: 'Picture Template(C:\\\\Users\\\\74515\\\\Desktop\\\\UI\u81ea\u52a8\u5316\u6d4b\u8bd5_\u4f53\u9a8c\u7248\\\\logout\\\\tpl1762401125735.png) not found in screen'\n", "end_time": 1762650328.6519446}}
{"tag": "function", "depth": 1, "time": 1762650328.6519446, "data": {"name": "touch", "call_args": {"v": {"filename": "tpl1762401125735.png", "_filepath": "C:\\Users\\74515\\Desktop\\UI\u81ea\u52a8\u5316\u6d4b\u8bd5_\u4f53\u9a8c\u7248\\logout\\tpl1762401125735.png", "threshold": 0.9000000000000001, "target_pos": 5, "record_pos": [-0.288, -0.901], "resolution": [1176, 2480], "rgb": true, "scale_max": 800, "scale_step": 0.005, "__class__": "Template"}, "kwargs": {}, "times": 1}, "start_time": 1762650316.5939639, "traceback": "Traceback (most recent call last):\n  File \"C:\\Users\\74515\\AppData\\Local\\Programs\\Python\\Python311\\Lib\\site-packages\\airtest\\utils\\logwraper.py\", line 134, in wrapper\n    res = f(*args, **kwargs)\n          ^^^^^^^^^^^^^^^^^^\n  File \"C:\\Users\\74515\\AppData\\Local\\Programs\\Python\\Python311\\Lib\\site-packages\\airtest\\core\\api.py\", line 366, in touch\n    pos = loop_find(v, timeout=ST.FIND_TIMEOUT)\n          ^^^^^^^^^^^^^^^^^^^^^^^^^^^^^^^^^^^^^\n  File \"C:\\Users\\74515\\AppData\\Local\\Programs\\Python\\Python311\\Lib\\site-packages\\airtest\\utils\\logwraper.py\", line 134, in wrapper\n    res = f(*args, **kwargs)\n          ^^^^^^^^^^^^^^^^^^\n  File \"C:\\Users\\74515\\AppData\\Local\\Programs\\Python\\Python311\\Lib\\site-packages\\airtest\\core\\cv.py\", line 80, in loop_find\n    raise TargetNotFoundError('Picture %s not found in screen' % query)\nairtest.core.error.TargetNotFoundError: 'Picture Template(C:\\\\Users\\\\74515\\\\Desktop\\\\UI\u81ea\u52a8\u5316\u6d4b\u8bd5_\u4f53\u9a8c\u7248\\\\logout\\\\tpl1762401125735.png) not found in screen'\n", "end_time": 1762650328.6519446}}
{"tag": "function", "depth": 3, "time": 1762650330.868246, "data": {"name": "_cv_match", "call_args": {"screen": "array([[[170, 117, 131],\n        [170, 117, 131],\n        [171, 118, 132],\n        ...,\n        [170, 116, 131],\n        [170, 116, 133],\n        [171, 117, 135]],\n\n       [[169, 115, 130],\n        [169, 115, 129],\n        [170, 117, 131],\n        ...,\n        [170, 116, 131],\n        [170, 116, 133],\n        [170, 116, 133]],\n\n       [[170, 116, 132],\n        [170, 116, 131],\n        [171, 118, 132],\n        ...,\n        [170, 117, 131],\n        [170, 116, 131],\n        [170, 116, 131]],\n\n       ...,\n\n       [[171, 118, 132],\n        [172, 119, 133],\n        [171, 117, 133],\n        ...,\n        [171, 118, 132],\n        [171, 118, 132],\n        [170, 117, 131]],\n\n       [[171, 118, 132],\n        [171, 118, 132],\n        [171, 118, 132],\n        ...,\n        [171, 118, 132],\n        [170, 117, 131],\n        [170, 117, 131]],\n\n       [[168, 114, 128],\n        [170, 117, 131],\n        [170, 117, 131],\n        ...,\n        [169, 115, 129],\n        [169, 115, 129],\n        [170, 117, 131]]], dtype=uint8)"}, "start_time": 1762650330.248482, "ret": null, "end_time": 1762650330.868246}}
{"tag": "function", "depth": 3, "time": 1762650333.5746973, "data": {"name": "_cv_match", "call_args": {"screen": "array([[[170, 117, 131],\n        [170, 117, 131],\n        [171, 118, 132],\n        ...,\n        [170, 116, 131],\n        [170, 116, 133],\n        [171, 117, 135]],\n\n       [[169, 115, 130],\n        [169, 115, 129],\n        [170, 117, 131],\n        ...,\n        [170, 116, 131],\n        [170, 116, 133],\n        [170, 116, 133]],\n\n       [[170, 116, 132],\n        [170, 116, 131],\n        [171, 118, 132],\n        ...,\n        [170, 117, 131],\n        [170, 116, 131],\n        [170, 116, 131]],\n\n       ...,\n\n       [[171, 118, 132],\n        [172, 119, 133],\n        [171, 117, 133],\n        ...,\n        [171, 118, 132],\n        [171, 118, 132],\n        [170, 117, 131]],\n\n       [[171, 118, 132],\n        [171, 118, 132],\n        [171, 118, 132],\n        ...,\n        [171, 118, 132],\n        [170, 117, 131],\n        [170, 117, 131]],\n\n       [[168, 114, 128],\n        [170, 117, 131],\n        [170, 117, 131],\n        ...,\n        [169, 115, 129],\n        [169, 115, 129],\n        [170, 117, 131]]], dtype=uint8)"}, "start_time": 1762650332.9459937, "ret": null, "end_time": 1762650333.5746973}}
{"tag": "function", "depth": 3, "time": 1762650336.2627342, "data": {"name": "_cv_match", "call_args": {"screen": "array([[[170, 117, 131],\n        [170, 117, 131],\n        [171, 118, 132],\n        ...,\n        [170, 116, 131],\n        [170, 116, 133],\n        [171, 117, 135]],\n\n       [[169, 115, 130],\n        [169, 115, 129],\n        [170, 117, 131],\n        ...,\n        [170, 116, 131],\n        [170, 116, 133],\n        [170, 116, 133]],\n\n       [[170, 116, 132],\n        [170, 116, 131],\n        [171, 118, 132],\n        ...,\n        [170, 117, 131],\n        [170, 116, 131],\n        [170, 116, 131]],\n\n       ...,\n\n       [[171, 118, 132],\n        [172, 119, 133],\n        [171, 117, 133],\n        ...,\n        [171, 118, 132],\n        [171, 118, 132],\n        [170, 117, 131]],\n\n       [[171, 118, 132],\n        [171, 118, 132],\n        [171, 118, 132],\n        ...,\n        [171, 118, 132],\n        [170, 117, 131],\n        [170, 117, 131]],\n\n       [[168, 114, 128],\n        [170, 117, 131],\n        [170, 117, 131],\n        ...,\n        [169, 115, 129],\n        [169, 115, 129],\n        [170, 117, 131]]], dtype=uint8)"}, "start_time": 1762650335.642884, "ret": null, "end_time": 1762650336.2627342}}
{"tag": "function", "depth": 3, "time": 1762650338.9752607, "data": {"name": "_cv_match", "call_args": {"screen": "array([[[170, 117, 131],\n        [170, 117, 131],\n        [171, 118, 132],\n        ...,\n        [170, 116, 131],\n        [170, 116, 133],\n        [171, 117, 135]],\n\n       [[169, 115, 130],\n        [169, 115, 129],\n        [170, 117, 131],\n        ...,\n        [170, 116, 131],\n        [170, 116, 133],\n        [170, 116, 133]],\n\n       [[170, 116, 132],\n        [170, 116, 131],\n        [171, 118, 132],\n        ...,\n        [170, 117, 131],\n        [170, 116, 131],\n        [170, 116, 131]],\n\n       ...,\n\n       [[171, 118, 132],\n        [172, 119, 133],\n        [171, 117, 133],\n        ...,\n        [171, 118, 132],\n        [171, 118, 132],\n        [170, 117, 131]],\n\n       [[171, 118, 132],\n        [171, 118, 132],\n        [171, 118, 132],\n        ...,\n        [171, 118, 132],\n        [170, 117, 131],\n        [170, 117, 131]],\n\n       [[168, 114, 128],\n        [170, 117, 131],\n        [170, 117, 131],\n        ...,\n        [169, 115, 129],\n        [169, 115, 129],\n        [170, 117, 131]]], dtype=uint8)"}, "start_time": 1762650338.3565364, "ret": null, "end_time": 1762650338.9752607}}
{"tag": "function", "depth": 3, "time": 1762650338.990997, "data": {"name": "try_log_screen", "call_args": {"screen": "array([[[170, 117, 131],\n        [170, 117, 131],\n        [171, 118, 132],\n        ...,\n        [170, 116, 131],\n        [170, 116, 133],\n        [171, 117, 135]],\n\n       [[169, 115, 130],\n        [169, 115, 129],\n        [170, 117, 131],\n        ...,\n        [170, 116, 131],\n        [170, 116, 133],\n        [170, 116, 133]],\n\n       [[170, 116, 132],\n        [170, 116, 131],\n        [171, 118, 132],\n        ...,\n        [170, 117, 131],\n        [170, 116, 131],\n        [170, 116, 131]],\n\n       ...,\n\n       [[171, 118, 132],\n        [172, 119, 133],\n        [171, 117, 133],\n        ...,\n        [171, 118, 132],\n        [171, 118, 132],\n        [170, 117, 131]],\n\n       [[171, 118, 132],\n        [171, 118, 132],\n        [171, 118, 132],\n        ...,\n        [171, 118, 132],\n        [170, 117, 131],\n        [170, 117, 131]],\n\n       [[168, 114, 128],\n        [170, 117, 131],\n        [170, 117, 131],\n        ...,\n        [169, 115, 129],\n        [169, 115, 129],\n        [170, 117, 131]]], dtype=uint8)", "quality": null, "max_size": null}, "start_time": 1762650338.9752607, "ret": {"screen": "1762650338975.jpg", "resolution": [1176, 2480]}, "end_time": 1762650338.990997}}
{"tag": "function", "depth": 2, "time": 1762650338.990997, "data": {"name": "loop_find", "call_args": {"query": {"filename": "tpl1762408775593.png", "_filepath": "C:\\Users\\74515\\Desktop\\UI\u81ea\u52a8\u5316\u6d4b\u8bd5_\u4f53\u9a8c\u7248\\logout\\tpl1762408775593.png", "threshold": 0.8500000000000001, "target_pos": 5, "record_pos": [-0.292, -0.9], "resolution": [1176, 2480], "rgb": false, "scale_max": 800, "scale_step": 0.005, "__class__": "Template"}, "timeout": 10, "threshold": 0.8500000000000001, "interval": 0.5, "intervalfunc": null}, "start_time": 1762650328.6519446, "traceback": "Traceback (most recent call last):\n  File \"C:\\Users\\74515\\AppData\\Local\\Programs\\Python\\Python311\\Lib\\site-packages\\airtest\\utils\\logwraper.py\", line 134, in wrapper\n    res = f(*args, **kwargs)\n          ^^^^^^^^^^^^^^^^^^\n  File \"C:\\Users\\74515\\AppData\\Local\\Programs\\Python\\Python311\\Lib\\site-packages\\airtest\\core\\cv.py\", line 80, in loop_find\n    raise TargetNotFoundError('Picture %s not found in screen' % query)\nairtest.core.error.TargetNotFoundError: 'Picture Template(C:\\\\Users\\\\74515\\\\Desktop\\\\UI\u81ea\u52a8\u5316\u6d4b\u8bd5_\u4f53\u9a8c\u7248\\\\logout\\\\tpl1762408775593.png) not found in screen'\n", "end_time": 1762650338.990997}}
{"tag": "function", "depth": 1, "time": 1762650338.990997, "data": {"name": "assert_exists", "call_args": {"v": {"filename": "tpl1762408775593.png", "_filepath": "C:\\Users\\74515\\Desktop\\UI\u81ea\u52a8\u5316\u6d4b\u8bd5_\u4f53\u9a8c\u7248\\logout\\tpl1762408775593.png", "threshold": 0.8500000000000001, "target_pos": 5, "record_pos": [-0.292, -0.9], "resolution": [1176, 2480], "rgb": false, "scale_max": 800, "scale_step": 0.005, "__class__": "Template"}, "msg": "\u8d26\u53f7\u5df2\u767b\u5f55"}, "start_time": 1762650328.6519446, "traceback": "Traceback (most recent call last):\n  File \"C:\\Users\\74515\\AppData\\Local\\Programs\\Python\\Python311\\Lib\\site-packages\\airtest\\core\\assertions.py\", line 27, in assert_exists\n    pos = loop_find(v, timeout=ST.FIND_TIMEOUT, threshold=ST.THRESHOLD_STRICT or v.threshold)\n          ^^^^^^^^^^^^^^^^^^^^^^^^^^^^^^^^^^^^^^^^^^^^^^^^^^^^^^^^^^^^^^^^^^^^^^^^^^^^^^^^^^^\n  File \"C:\\Users\\74515\\AppData\\Local\\Programs\\Python\\Python311\\Lib\\site-packages\\airtest\\utils\\logwraper.py\", line 134, in wrapper\n    res = f(*args, **kwargs)\n          ^^^^^^^^^^^^^^^^^^\n  File \"C:\\Users\\74515\\AppData\\Local\\Programs\\Python\\Python311\\Lib\\site-packages\\airtest\\core\\cv.py\", line 80, in loop_find\n    raise TargetNotFoundError('Picture %s not found in screen' % query)\nairtest.core.error.TargetNotFoundError: 'Picture Template(C:\\\\Users\\\\74515\\\\Desktop\\\\UI\u81ea\u52a8\u5316\u6d4b\u8bd5_\u4f53\u9a8c\u7248\\\\logout\\\\tpl1762408775593.png) not found in screen'\n\nDuring handling of the above exception, another exception occurred:\n\nTraceback (most recent call last):\n  File \"C:\\Users\\74515\\AppData\\Local\\Programs\\Python\\Python311\\Lib\\site-packages\\airtest\\utils\\logwraper.py\", line 134, in wrapper\n    res = f(*args, **kwargs)\n          ^^^^^^^^^^^^^^^^^^\n  File \"C:\\Users\\74515\\AppData\\Local\\Programs\\Python\\Python311\\Lib\\site-packages\\airtest\\core\\assertions.py\", line 30, in assert_exists\n    raise AssertionError(\"%s does not exist in screen, message: %s\" % (v, msg))\nAssertionError: Template(C:\\Users\\74515\\Desktop\\UI\u81ea\u52a8\u5316\u6d4b\u8bd5_\u4f53\u9a8c\u7248\\logout\\tpl1762408775593.png) does not exist in screen, message: \u8d26\u53f7\u5df2\u767b\u5f55\n", "end_time": 1762650338.990997}}
{"tag": "function", "depth": 3, "time": 1762650341.2420392, "data": {"name": "_cv_match", "call_args": {"screen": "array([[[170, 117, 131],\n        [170, 117, 131],\n        [171, 118, 132],\n        ...,\n        [170, 116, 131],\n        [170, 116, 133],\n        [171, 117, 135]],\n\n       [[169, 115, 130],\n        [169, 115, 129],\n        [170, 117, 131],\n        ...,\n        [170, 116, 131],\n        [170, 116, 133],\n        [170, 116, 133]],\n\n       [[170, 116, 132],\n        [170, 116, 131],\n        [171, 118, 132],\n        ...,\n        [170, 117, 131],\n        [170, 116, 131],\n        [170, 116, 131]],\n\n       ...,\n\n       [[171, 118, 132],\n        [172, 119, 133],\n        [171, 117, 133],\n        ...,\n        [171, 118, 132],\n        [171, 118, 132],\n        [170, 117, 131]],\n\n       [[171, 118, 132],\n        [171, 118, 132],\n        [171, 118, 132],\n        ...,\n        [171, 118, 132],\n        [170, 117, 131],\n        [170, 117, 131]],\n\n       [[168, 114, 128],\n        [170, 117, 131],\n        [170, 117, 131],\n        ...,\n        [169, 115, 129],\n        [169, 115, 129],\n        [170, 117, 131]]], dtype=uint8)"}, "start_time": 1762650340.583879, "ret": null, "end_time": 1762650341.2420392}}
{"tag": "function", "depth": 3, "time": 1762650344.0300696, "data": {"name": "_cv_match", "call_args": {"screen": "array([[[170, 117, 131],\n        [170, 117, 131],\n        [171, 118, 132],\n        ...,\n        [170, 116, 131],\n        [170, 116, 133],\n        [171, 117, 135]],\n\n       [[169, 115, 130],\n        [169, 115, 129],\n        [170, 117, 131],\n        ...,\n        [170, 116, 131],\n        [170, 116, 133],\n        [170, 116, 133]],\n\n       [[170, 116, 132],\n        [170, 116, 131],\n        [171, 118, 132],\n        ...,\n        [170, 117, 131],\n        [170, 116, 131],\n        [170, 116, 131]],\n\n       ...,\n\n       [[171, 118, 132],\n        [172, 119, 133],\n        [171, 117, 133],\n        ...,\n        [171, 118, 132],\n        [171, 118, 132],\n        [170, 117, 131]],\n\n       [[171, 118, 132],\n        [171, 118, 132],\n        [171, 118, 132],\n        ...,\n        [171, 118, 132],\n        [170, 117, 131],\n        [170, 117, 131]],\n\n       [[168, 114, 128],\n        [170, 117, 131],\n        [170, 117, 131],\n        ...,\n        [169, 115, 129],\n        [169, 115, 129],\n        [170, 117, 131]]], dtype=uint8)"}, "start_time": 1762650343.3509195, "ret": null, "end_time": 1762650344.0300696}}
{"tag": "function", "depth": 3, "time": 1762650346.7874186, "data": {"name": "_cv_match", "call_args": {"screen": "array([[[170, 117, 131],\n        [170, 117, 131],\n        [171, 118, 132],\n        ...,\n        [170, 116, 131],\n        [170, 116, 133],\n        [171, 117, 135]],\n\n       [[169, 115, 130],\n        [169, 115, 129],\n        [170, 117, 131],\n        ...,\n        [170, 116, 131],\n        [170, 116, 133],\n        [170, 116, 133]],\n\n       [[170, 116, 132],\n        [170, 116, 131],\n        [171, 118, 132],\n        ...,\n        [170, 117, 131],\n        [170, 116, 131],\n        [170, 116, 131]],\n\n       ...,\n\n       [[171, 118, 132],\n        [172, 119, 133],\n        [171, 117, 133],\n        ...,\n        [171, 118, 132],\n        [171, 118, 132],\n        [170, 117, 131]],\n\n       [[171, 118, 132],\n        [171, 118, 132],\n        [171, 118, 132],\n        ...,\n        [171, 118, 132],\n        [170, 117, 131],\n        [170, 117, 131]],\n\n       [[168, 114, 128],\n        [170, 117, 131],\n        [170, 117, 131],\n        ...,\n        [169, 115, 129],\n        [169, 115, 129],\n        [170, 117, 131]]], dtype=uint8)"}, "start_time": 1762650346.131281, "ret": null, "end_time": 1762650346.7874186}}
{"tag": "function", "depth": 3, "time": 1762650349.5005357, "data": {"name": "_cv_match", "call_args": {"screen": "array([[[170, 117, 131],\n        [170, 117, 131],\n        [171, 118, 132],\n        ...,\n        [170, 116, 131],\n        [170, 116, 133],\n        [171, 117, 135]],\n\n       [[169, 115, 130],\n        [169, 115, 129],\n        [170, 117, 131],\n        ...,\n        [170, 116, 131],\n        [170, 116, 133],\n        [170, 116, 133]],\n\n       [[170, 116, 132],\n        [170, 116, 131],\n        [171, 118, 132],\n        ...,\n        [170, 117, 131],\n        [170, 116, 131],\n        [170, 116, 131]],\n\n       ...,\n\n       [[171, 118, 132],\n        [172, 119, 133],\n        [171, 117, 133],\n        ...,\n        [171, 118, 132],\n        [171, 118, 132],\n        [170, 117, 131]],\n\n       [[171, 118, 132],\n        [171, 118, 132],\n        [171, 118, 132],\n        ...,\n        [171, 118, 132],\n        [170, 117, 131],\n        [170, 117, 131]],\n\n       [[168, 114, 128],\n        [170, 117, 131],\n        [170, 117, 131],\n        ...,\n        [169, 115, 129],\n        [169, 115, 129],\n        [170, 117, 131]]], dtype=uint8)"}, "start_time": 1762650348.8285573, "ret": null, "end_time": 1762650349.5005357}}
{"tag": "function", "depth": 3, "time": 1762650349.52519, "data": {"name": "try_log_screen", "call_args": {"screen": "array([[[170, 117, 131],\n        [170, 117, 131],\n        [171, 118, 132],\n        ...,\n        [170, 116, 131],\n        [170, 116, 133],\n        [171, 117, 135]],\n\n       [[169, 115, 130],\n        [169, 115, 129],\n        [170, 117, 131],\n        ...,\n        [170, 116, 131],\n        [170, 116, 133],\n        [170, 116, 133]],\n\n       [[170, 116, 132],\n        [170, 116, 131],\n        [171, 118, 132],\n        ...,\n        [170, 117, 131],\n        [170, 116, 131],\n        [170, 116, 131]],\n\n       ...,\n\n       [[171, 118, 132],\n        [172, 119, 133],\n        [171, 117, 133],\n        ...,\n        [171, 118, 132],\n        [171, 118, 132],\n        [170, 117, 131]],\n\n       [[171, 118, 132],\n        [171, 118, 132],\n        [171, 118, 132],\n        ...,\n        [171, 118, 132],\n        [170, 117, 131],\n        [170, 117, 131]],\n\n       [[168, 114, 128],\n        [170, 117, 131],\n        [170, 117, 131],\n        ...,\n        [169, 115, 129],\n        [169, 115, 129],\n        [170, 117, 131]]], dtype=uint8)", "quality": null, "max_size": null}, "start_time": 1762650349.5005357, "ret": {"screen": "1762650349500.jpg", "resolution": [1176, 2480]}, "end_time": 1762650349.52519}}
{"tag": "function", "depth": 2, "time": 1762650349.52519, "data": {"name": "loop_find", "call_args": {"query": {"filename": "tpl1762410914803.png", "_filepath": "C:\\Users\\74515\\Desktop\\UI\u81ea\u52a8\u5316\u6d4b\u8bd5_\u4f53\u9a8c\u7248\\logout\\tpl1762410914803.png", "threshold": 0.8, "target_pos": 5, "record_pos": [-0.031, -0.897], "resolution": [1176, 2480], "rgb": false, "scale_max": 800, "scale_step": 0.005, "__class__": "Template"}, "timeout": 10, "threshold": 0.8, "interval": 0.5, "intervalfunc": null}, "start_time": 1762650338.990997, "traceback": "Traceback (most recent call last):\n  File \"C:\\Users\\74515\\AppData\\Local\\Programs\\Python\\Python311\\Lib\\site-packages\\airtest\\utils\\logwraper.py\", line 134, in wrapper\n    res = f(*args, **kwargs)\n          ^^^^^^^^^^^^^^^^^^\n  File \"C:\\Users\\74515\\AppData\\Local\\Programs\\Python\\Python311\\Lib\\site-packages\\airtest\\core\\cv.py\", line 80, in loop_find\n    raise TargetNotFoundError('Picture %s not found in screen' % query)\nairtest.core.error.TargetNotFoundError: 'Picture Template(C:\\\\Users\\\\74515\\\\Desktop\\\\UI\u81ea\u52a8\u5316\u6d4b\u8bd5_\u4f53\u9a8c\u7248\\\\logout\\\\tpl1762410914803.png) not found in screen'\n", "end_time": 1762650349.52519}}
{"tag": "function", "depth": 1, "time": 1762650349.52519, "data": {"name": "assert_exists", "call_args": {"v": {"filename": "tpl1762410914803.png", "_filepath": "C:\\Users\\74515\\Desktop\\UI\u81ea\u52a8\u5316\u6d4b\u8bd5_\u4f53\u9a8c\u7248\\logout\\tpl1762410914803.png", "threshold": 0.8, "target_pos": 5, "record_pos": [-0.031, -0.897], "resolution": [1176, 2480], "rgb": false, "scale_max": 800, "scale_step": 0.005, "__class__": "Template"}, "msg": "\u5df2\u9000\u51fa\u767b\u5f55"}, "start_time": 1762650338.990997, "traceback": "Traceback (most recent call last):\n  File \"C:\\Users\\74515\\AppData\\Local\\Programs\\Python\\Python311\\Lib\\site-packages\\airtest\\core\\assertions.py\", line 27, in assert_exists\n    pos = loop_find(v, timeout=ST.FIND_TIMEOUT, threshold=ST.THRESHOLD_STRICT or v.threshold)\n          ^^^^^^^^^^^^^^^^^^^^^^^^^^^^^^^^^^^^^^^^^^^^^^^^^^^^^^^^^^^^^^^^^^^^^^^^^^^^^^^^^^^\n  File \"C:\\Users\\74515\\AppData\\Local\\Programs\\Python\\Python311\\Lib\\site-packages\\airtest\\utils\\logwraper.py\", line 134, in wrapper\n    res = f(*args, **kwargs)\n          ^^^^^^^^^^^^^^^^^^\n  File \"C:\\Users\\74515\\AppData\\Local\\Programs\\Python\\Python311\\Lib\\site-packages\\airtest\\core\\cv.py\", line 80, in loop_find\n    raise TargetNotFoundError('Picture %s not found in screen' % query)\nairtest.core.error.TargetNotFoundError: 'Picture Template(C:\\\\Users\\\\74515\\\\Desktop\\\\UI\u81ea\u52a8\u5316\u6d4b\u8bd5_\u4f53\u9a8c\u7248\\\\logout\\\\tpl1762410914803.png) not found in screen'\n\nDuring handling of the above exception, another exception occurred:\n\nTraceback (most recent call last):\n  File \"C:\\Users\\74515\\AppData\\Local\\Programs\\Python\\Python311\\Lib\\site-packages\\airtest\\utils\\logwraper.py\", line 134, in wrapper\n    res = f(*args, **kwargs)\n          ^^^^^^^^^^^^^^^^^^\n  File \"C:\\Users\\74515\\AppData\\Local\\Programs\\Python\\Python311\\Lib\\site-packages\\airtest\\core\\assertions.py\", line 30, in assert_exists\n    raise AssertionError(\"%s does not exist in screen, message: %s\" % (v, msg))\nAssertionError: Template(C:\\Users\\74515\\Desktop\\UI\u81ea\u52a8\u5316\u6d4b\u8bd5_\u4f53\u9a8c\u7248\\logout\\tpl1762410914803.png) does not exist in screen, message: \u5df2\u9000\u51fa\u767b\u5f55\n", "end_time": 1762650349.52519}}
{"tag": "function", "depth": 3, "time": 1762650351.8421953, "data": {"name": "_cv_match", "call_args": {"screen": "array([[[170, 117, 131],\n        [170, 117, 131],\n        [171, 118, 132],\n        ...,\n        [170, 116, 131],\n        [170, 116, 133],\n        [171, 117, 135]],\n\n       [[169, 115, 130],\n        [169, 115, 129],\n        [170, 117, 131],\n        ...,\n        [170, 116, 131],\n        [170, 116, 133],\n        [170, 116, 133]],\n\n       [[170, 116, 132],\n        [170, 116, 131],\n        [171, 118, 132],\n        ...,\n        [170, 117, 131],\n        [170, 116, 131],\n        [170, 116, 131]],\n\n       ...,\n\n       [[171, 118, 132],\n        [172, 119, 133],\n        [171, 117, 133],\n        ...,\n        [171, 118, 132],\n        [171, 118, 132],\n        [170, 117, 131]],\n\n       [[171, 118, 132],\n        [171, 118, 132],\n        [171, 118, 132],\n        ...,\n        [171, 118, 132],\n        [170, 117, 131],\n        [170, 117, 131]],\n\n       [[168, 114, 128],\n        [170, 117, 131],\n        [170, 117, 131],\n        ...,\n        [169, 115, 129],\n        [169, 115, 129],\n        [170, 117, 131]]], dtype=uint8)"}, "start_time": 1762650351.1223702, "ret": null, "end_time": 1762650351.8421953}}
{"tag": "function", "depth": 3, "time": 1762650354.6339736, "data": {"name": "_cv_match", "call_args": {"screen": "array([[[170, 117, 131],\n        [170, 117, 131],\n        [171, 118, 132],\n        ...,\n        [170, 116, 131],\n        [170, 116, 133],\n        [171, 117, 135]],\n\n       [[169, 115, 130],\n        [169, 115, 129],\n        [170, 117, 131],\n        ...,\n        [170, 116, 131],\n        [170, 116, 133],\n        [170, 116, 133]],\n\n       [[170, 116, 132],\n        [170, 116, 131],\n        [171, 118, 132],\n        ...,\n        [170, 117, 131],\n        [170, 116, 131],\n        [170, 116, 131]],\n\n       ...,\n\n       [[171, 118, 132],\n        [172, 119, 133],\n        [171, 117, 133],\n        ...,\n        [171, 118, 132],\n        [171, 118, 132],\n        [170, 117, 131]],\n\n       [[171, 118, 132],\n        [171, 118, 132],\n        [171, 118, 132],\n        ...,\n        [171, 118, 132],\n        [170, 117, 131],\n        [170, 117, 131]],\n\n       [[168, 114, 128],\n        [170, 117, 131],\n        [170, 117, 131],\n        ...,\n        [169, 115, 129],\n        [169, 115, 129],\n        [170, 117, 131]]], dtype=uint8)"}, "start_time": 1762650353.9362507, "ret": null, "end_time": 1762650354.6339736}}
{"tag": "function", "depth": 3, "time": 1762650357.4621856, "data": {"name": "_cv_match", "call_args": {"screen": "array([[[170, 117, 131],\n        [170, 117, 131],\n        [171, 118, 132],\n        ...,\n        [170, 116, 131],\n        [170, 116, 133],\n        [171, 117, 135]],\n\n       [[169, 115, 130],\n        [169, 115, 129],\n        [170, 117, 131],\n        ...,\n        [170, 116, 131],\n        [170, 116, 133],\n        [170, 116, 133]],\n\n       [[170, 116, 132],\n        [170, 116, 131],\n        [171, 118, 132],\n        ...,\n        [170, 117, 131],\n        [170, 116, 131],\n        [170, 116, 131]],\n\n       ...,\n\n       [[171, 118, 132],\n        [172, 119, 133],\n        [171, 117, 133],\n        ...,\n        [171, 118, 132],\n        [171, 118, 132],\n        [170, 117, 131]],\n\n       [[171, 118, 132],\n        [171, 118, 132],\n        [171, 118, 132],\n        ...,\n        [171, 118, 132],\n        [170, 117, 131],\n        [170, 117, 131]],\n\n       [[168, 114, 128],\n        [170, 117, 131],\n        [170, 117, 131],\n        ...,\n        [169, 115, 129],\n        [169, 115, 129],\n        [170, 117, 131]]], dtype=uint8)"}, "start_time": 1762650356.7462301, "ret": null, "end_time": 1762650357.4621856}}
{"tag": "function", "depth": 3, "time": 1762650360.2450817, "data": {"name": "_cv_match", "call_args": {"screen": "array([[[170, 117, 131],\n        [170, 117, 131],\n        [171, 118, 132],\n        ...,\n        [170, 116, 131],\n        [170, 116, 133],\n        [171, 117, 135]],\n\n       [[169, 115, 130],\n        [169, 115, 129],\n        [170, 117, 131],\n        ...,\n        [170, 116, 131],\n        [170, 116, 133],\n        [170, 116, 133]],\n\n       [[170, 116, 132],\n        [170, 116, 131],\n        [171, 118, 132],\n        ...,\n        [170, 117, 131],\n        [170, 116, 131],\n        [170, 116, 131]],\n\n       ...,\n\n       [[171, 118, 132],\n        [172, 119, 133],\n        [171, 117, 133],\n        ...,\n        [171, 118, 132],\n        [171, 118, 132],\n        [170, 117, 131]],\n\n       [[171, 118, 132],\n        [171, 118, 132],\n        [171, 118, 132],\n        ...,\n        [171, 118, 132],\n        [170, 117, 131],\n        [170, 117, 131]],\n\n       [[168, 114, 128],\n        [170, 117, 131],\n        [170, 117, 131],\n        ...,\n        [169, 115, 129],\n        [169, 115, 129],\n        [170, 117, 131]]], dtype=uint8)"}, "start_time": 1762650359.534863, "ret": null, "end_time": 1762650360.2450817}}
{"tag": "function", "depth": 3, "time": 1762650360.2639291, "data": {"name": "try_log_screen", "call_args": {"screen": "array([[[170, 117, 131],\n        [170, 117, 131],\n        [171, 118, 132],\n        ...,\n        [170, 116, 131],\n        [170, 116, 133],\n        [171, 117, 135]],\n\n       [[169, 115, 130],\n        [169, 115, 129],\n        [170, 117, 131],\n        ...,\n        [170, 116, 131],\n        [170, 116, 133],\n        [170, 116, 133]],\n\n       [[170, 116, 132],\n        [170, 116, 131],\n        [171, 118, 132],\n        ...,\n        [170, 117, 131],\n        [170, 116, 131],\n        [170, 116, 131]],\n\n       ...,\n\n       [[171, 118, 132],\n        [172, 119, 133],\n        [171, 117, 133],\n        ...,\n        [171, 118, 132],\n        [171, 118, 132],\n        [170, 117, 131]],\n\n       [[171, 118, 132],\n        [171, 118, 132],\n        [171, 118, 132],\n        ...,\n        [171, 118, 132],\n        [170, 117, 131],\n        [170, 117, 131]],\n\n       [[168, 114, 128],\n        [170, 117, 131],\n        [170, 117, 131],\n        ...,\n        [169, 115, 129],\n        [169, 115, 129],\n        [170, 117, 131]]], dtype=uint8)", "quality": null, "max_size": null}, "start_time": 1762650360.2450817, "ret": {"screen": "1762650360245.jpg", "resolution": [1176, 2480]}, "end_time": 1762650360.2639291}}
{"tag": "function", "depth": 2, "time": 1762650360.2639291, "data": {"name": "loop_find", "call_args": {"query": {"filename": "tpl1754469208242.png", "_filepath": "C:\\Users\\74515\\Desktop\\UI\u81ea\u52a8\u5316\u6d4b\u8bd5_\u4f53\u9a8c\u7248\\logout\\tpl1754469208242.png", "threshold": 0.8, "target_pos": 5, "record_pos": [0.369, 1.006], "resolution": [1440, 3200], "rgb": false, "scale_max": 800, "scale_step": 0.005, "__class__": "Template"}, "timeout": 10, "threshold": null, "interval": 0.5, "intervalfunc": null}, "start_time": 1762650349.5271957, "traceback": "Traceback (most recent call last):\n  File \"C:\\Users\\74515\\AppData\\Local\\Programs\\Python\\Python311\\Lib\\site-packages\\airtest\\utils\\logwraper.py\", line 134, in wrapper\n    res = f(*args, **kwargs)\n          ^^^^^^^^^^^^^^^^^^\n  File \"C:\\Users\\74515\\AppData\\Local\\Programs\\Python\\Python311\\Lib\\site-packages\\airtest\\core\\cv.py\", line 80, in loop_find\n    raise TargetNotFoundError('Picture %s not found in screen' % query)\nairtest.core.error.TargetNotFoundError: 'Picture Template(C:\\\\Users\\\\74515\\\\Desktop\\\\UI\u81ea\u52a8\u5316\u6d4b\u8bd5_\u4f53\u9a8c\u7248\\\\logout\\\\tpl1754469208242.png) not found in screen'\n", "end_time": 1762650360.2639291}}
{"tag": "function", "depth": 1, "time": 1762650360.2639291, "data": {"name": "touch", "call_args": {"v": {"filename": "tpl1754469208242.png", "_filepath": "C:\\Users\\74515\\Desktop\\UI\u81ea\u52a8\u5316\u6d4b\u8bd5_\u4f53\u9a8c\u7248\\logout\\tpl1754469208242.png", "threshold": 0.8, "target_pos": 5, "record_pos": [0.369, 1.006], "resolution": [1440, 3200], "rgb": false, "scale_max": 800, "scale_step": 0.005, "__class__": "Template"}, "kwargs": {}, "times": 1}, "start_time": 1762650349.5271957, "traceback": "Traceback (most recent call last):\n  File \"C:\\Users\\74515\\AppData\\Local\\Programs\\Python\\Python311\\Lib\\site-packages\\airtest\\utils\\logwraper.py\", line 134, in wrapper\n    res = f(*args, **kwargs)\n          ^^^^^^^^^^^^^^^^^^\n  File \"C:\\Users\\74515\\AppData\\Local\\Programs\\Python\\Python311\\Lib\\site-packages\\airtest\\core\\api.py\", line 366, in touch\n    pos = loop_find(v, timeout=ST.FIND_TIMEOUT)\n          ^^^^^^^^^^^^^^^^^^^^^^^^^^^^^^^^^^^^^\n  File \"C:\\Users\\74515\\AppData\\Local\\Programs\\Python\\Python311\\Lib\\site-packages\\airtest\\utils\\logwraper.py\", line 134, in wrapper\n    res = f(*args, **kwargs)\n          ^^^^^^^^^^^^^^^^^^\n  File \"C:\\Users\\74515\\AppData\\Local\\Programs\\Python\\Python311\\Lib\\site-packages\\airtest\\core\\cv.py\", line 80, in loop_find\n    raise TargetNotFoundError('Picture %s not found in screen' % query)\nairtest.core.error.TargetNotFoundError: 'Picture Template(C:\\\\Users\\\\74515\\\\Desktop\\\\UI\u81ea\u52a8\u5316\u6d4b\u8bd5_\u4f53\u9a8c\u7248\\\\logout\\\\tpl1754469208242.png) not found in screen'\n", "end_time": 1762650360.2639291}}
