{"tag": "function", "depth": 1, "time": 1762650080.781215, "data": {"name": "connect_device", "call_args": {"uri": "android://127.0.0.1:5037/6HU0222721001385?cap_method=ADBCAP&touch_method=MAXTOUCH&"}, "start_time": 1762650080.2066276, "ret": "<Android '6HU0222721001385'>", "end_time": 1762650080.781215}}
{"tag": "function", "depth": 3, "time": 1762650084.513788, "data": {"name": "_cv_match", "call_args": {"screen": "array([[[170, 117, 131],\n        [170, 117, 131],\n        [171, 118, 132],\n        ...,\n        [170, 116, 131],\n        [170, 116, 133],\n        [171, 117, 135]],\n\n       [[169, 115, 130],\n        [169, 115, 129],\n        [170, 117, 131],\n        ...,\n        [170, 116, 131],\n        [170, 116, 133],\n        [170, 116, 133]],\n\n       [[170, 116, 132],\n        [170, 116, 131],\n        [171, 118, 132],\n        ...,\n        [170, 117, 131],\n        [170, 116, 131],\n        [170, 116, 131]],\n\n       ...,\n\n       [[171, 118, 132],\n        [172, 119, 133],\n        [171, 117, 133],\n        ...,\n        [171, 118, 132],\n        [171, 118, 132],\n        [170, 117, 131]],\n\n       [[171, 118, 132],\n        [171, 118, 132],\n        [171, 118, 132],\n        ...,\n        [171, 118, 132],\n        [170, 117, 131],\n        [170, 117, 131]],\n\n       [[168, 114, 128],\n        [170, 117, 131],\n        [170, 117, 131],\n        ...,\n        [169, 115, 129],\n        [169, 115, 129],\n        [170, 117, 131]]], dtype=uint8)"}, "start_time": 1762650083.8340003, "ret": null, "end_time": 1762650084.513788}}
{"tag": "function", "depth": 3, "time": 1762650087.182133, "data": {"name": "_cv_match", "call_args": {"screen": "array([[[170, 117, 131],\n        [170, 117, 131],\n        [171, 118, 132],\n        ...,\n        [170, 116, 131],\n        [170, 116, 133],\n        [171, 117, 135]],\n\n       [[169, 115, 130],\n        [169, 115, 129],\n        [170, 117, 131],\n        ...,\n        [170, 116, 131],\n        [170, 116, 133],\n        [170, 116, 133]],\n\n       [[170, 116, 132],\n        [170, 116, 131],\n        [171, 118, 132],\n        ...,\n        [170, 117, 131],\n        [170, 116, 131],\n        [170, 116, 131]],\n\n       ...,\n\n       [[171, 118, 132],\n        [172, 119, 133],\n        [171, 117, 133],\n        ...,\n        [171, 118, 132],\n        [171, 118, 132],\n        [170, 117, 131]],\n\n       [[171, 118, 132],\n        [171, 118, 132],\n        [171, 118, 132],\n        ...,\n        [171, 118, 132],\n        [170, 117, 131],\n        [170, 117, 131]],\n\n       [[168, 114, 128],\n        [170, 117, 131],\n        [170, 117, 131],\n        ...,\n        [169, 115, 129],\n        [169, 115, 129],\n        [170, 117, 131]]], dtype=uint8)"}, "start_time": 1762650086.58535, "ret": null, "end_time": 1762650087.182133}}
{"tag": "function", "depth": 3, "time": 1762650089.858248, "data": {"name": "_cv_match", "call_args": {"screen": "array([[[170, 117, 131],\n        [170, 117, 131],\n        [171, 118, 132],\n        ...,\n        [170, 116, 131],\n        [170, 116, 133],\n        [171, 117, 135]],\n\n       [[169, 115, 130],\n        [169, 115, 129],\n        [170, 117, 131],\n        ...,\n        [170, 116, 131],\n        [170, 116, 133],\n        [170, 116, 133]],\n\n       [[170, 116, 132],\n        [170, 116, 131],\n        [171, 118, 132],\n        ...,\n        [170, 117, 131],\n        [170, 116, 131],\n        [170, 116, 131]],\n\n       ...,\n\n       [[171, 118, 132],\n        [172, 119, 133],\n        [171, 117, 133],\n        ...,\n        [171, 118, 132],\n        [171, 118, 132],\n        [170, 117, 131]],\n\n       [[171, 118, 132],\n        [171, 118, 132],\n        [171, 118, 132],\n        ...,\n        [171, 118, 132],\n        [170, 117, 131],\n        [170, 117, 131]],\n\n       [[168, 114, 128],\n        [170, 117, 131],\n        [170, 117, 131],\n        ...,\n        [169, 115, 129],\n        [169, 115, 129],\n        [170, 117, 131]]], dtype=uint8)"}, "start_time": 1762650089.2569788, "ret": null, "end_time": 1762650089.858248}}
{"tag": "function", "depth": 3, "time": 1762650092.4945536, "data": {"name": "_cv_match", "call_args": {"screen": "array([[[170, 117, 131],\n        [170, 117, 131],\n        [171, 118, 132],\n        ...,\n        [170, 116, 131],\n        [170, 116, 133],\n        [171, 117, 135]],\n\n       [[169, 115, 130],\n        [169, 115, 129],\n        [170, 117, 131],\n        ...,\n        [170, 116, 131],\n        [170, 116, 133],\n        [170, 116, 133]],\n\n       [[170, 116, 132],\n        [170, 116, 131],\n        [171, 118, 132],\n        ...,\n        [170, 117, 131],\n        [170, 116, 131],\n        [170, 116, 131]],\n\n       ...,\n\n       [[171, 118, 132],\n        [172, 119, 133],\n        [171, 117, 133],\n        ...,\n        [171, 118, 132],\n        [171, 118, 132],\n        [170, 117, 131]],\n\n       [[171, 118, 132],\n        [171, 118, 132],\n        [171, 118, 132],\n        ...,\n        [171, 118, 132],\n        [170, 117, 131],\n        [170, 117, 131]],\n\n       [[168, 114, 128],\n        [170, 117, 131],\n        [170, 117, 131],\n        ...,\n        [169, 115, 129],\n        [169, 115, 129],\n        [170, 117, 131]]], dtype=uint8)"}, "start_time": 1762650091.9069936, "ret": null, "end_time": 1762650092.4945536}}
{"tag": "function", "depth": 3, "time": 1762650092.5717478, "data": {"name": "try_log_screen", "call_args": {"screen": "array([[[170, 117, 131],\n        [170, 117, 131],\n        [171, 118, 132],\n        ...,\n        [170, 116, 131],\n        [170, 116, 133],\n        [171, 117, 135]],\n\n       [[169, 115, 130],\n        [169, 115, 129],\n        [170, 117, 131],\n        ...,\n        [170, 116, 131],\n        [170, 116, 133],\n        [170, 116, 133]],\n\n       [[170, 116, 132],\n        [170, 116, 131],\n        [171, 118, 132],\n        ...,\n        [170, 117, 131],\n        [170, 116, 131],\n        [170, 116, 131]],\n\n       ...,\n\n       [[171, 118, 132],\n        [172, 119, 133],\n        [171, 117, 133],\n        ...,\n        [171, 118, 132],\n        [171, 118, 132],\n        [170, 117, 131]],\n\n       [[171, 118, 132],\n        [171, 118, 132],\n        [171, 118, 132],\n        ...,\n        [171, 118, 132],\n        [170, 117, 131],\n        [170, 117, 131]],\n\n       [[168, 114, 128],\n        [170, 117, 131],\n        [170, 117, 131],\n        ...,\n        [169, 115, 129],\n        [169, 115, 129],\n        [170, 117, 131]]], dtype=uint8)", "quality": null, "max_size": null}, "start_time": 1762650092.4945536, "ret": {"screen": "1762650092494.jpg", "resolution": [1176, 2480]}, "end_time": 1762650092.5717478}}
{"tag": "function", "depth": 2, "time": 1762650092.5717478, "data": {"name": "loop_find", "call_args": {"query": {"filename": "tpl1754634667443.png", "_filepath": "C:\\Users\\74515\\Desktop\\UI\u81ea\u52a8\u5316\u6d4b\u8bd5_\u4f53\u9a8c\u7248\\friends\\tpl1754634667443.png", "threshold": 0.8, "target_pos": 5, "record_pos": [-0.287, -0.897], "resolution": [1176, 2480], "rgb": false, "scale_max": 800, "scale_step": 0.005, "__class__": "Template"}, "timeout": 10, "threshold": null, "interval": 0.5, "intervalfunc": null}, "start_time": 1762650080.781215, "traceback": "Traceback (most recent call last):\n  File \"C:\\Users\\74515\\AppData\\Local\\Programs\\Python\\Python311\\Lib\\site-packages\\airtest\\utils\\logwraper.py\", line 134, in wrapper\n    res = f(*args, **kwargs)\n          ^^^^^^^^^^^^^^^^^^\n  File \"C:\\Users\\74515\\AppData\\Local\\Programs\\Python\\Python311\\Lib\\site-packages\\airtest\\core\\cv.py\", line 80, in loop_find\n    raise TargetNotFoundError('Picture %s not found in screen' % query)\nairtest.core.error.TargetNotFoundError: 'Picture Template(C:\\\\Users\\\\74515\\\\Desktop\\\\UI\u81ea\u52a8\u5316\u6d4b\u8bd5_\u4f53\u9a8c\u7248\\\\friends\\\\tpl1754634667443.png) not found in screen'\n", "end_time": 1762650092.5717478}}
{"tag": "function", "depth": 1, "time": 1762650092.5717478, "data": {"name": "touch", "call_args": {"v": {"filename": "tpl1754634667443.png", "_filepath": "C:\\Users\\74515\\Desktop\\UI\u81ea\u52a8\u5316\u6d4b\u8bd5_\u4f53\u9a8c\u7248\\friends\\tpl1754634667443.png", "threshold": 0.8, "target_pos": 5, "record_pos": [-0.287, -0.897], "resolution": [1176, 2480], "rgb": false, "scale_max": 800, "scale_step": 0.005, "__class__": "Template"}, "kwargs": {}, "times": 1}, "start_time": 1762650080.781215, "traceback": "Traceback (most recent call last):\n  File \"C:\\Users\\74515\\AppData\\Local\\Programs\\Python\\Python311\\Lib\\site-packages\\airtest\\utils\\logwraper.py\", line 134, in wrapper\n    res = f(*args, **kwargs)\n          ^^^^^^^^^^^^^^^^^^\n  File \"C:\\Users\\74515\\AppData\\Local\\Programs\\Python\\Python311\\Lib\\site-packages\\airtest\\core\\api.py\", line 366, in touch\n    pos = loop_find(v, timeout=ST.FIND_TIMEOUT)\n          ^^^^^^^^^^^^^^^^^^^^^^^^^^^^^^^^^^^^^\n  File \"C:\\Users\\74515\\AppData\\Local\\Programs\\Python\\Python311\\Lib\\site-packages\\airtest\\utils\\logwraper.py\", line 134, in wrapper\n    res = f(*args, **kwargs)\n          ^^^^^^^^^^^^^^^^^^\n  File \"C:\\Users\\74515\\AppData\\Local\\Programs\\Python\\Python311\\Lib\\site-packages\\airtest\\core\\cv.py\", line 80, in loop_find\n    raise TargetNotFoundError('Picture %s not found in screen' % query)\nairtest.core.error.TargetNotFoundError: 'Picture Template(C:\\\\Users\\\\74515\\\\Desktop\\\\UI\u81ea\u52a8\u5316\u6d4b\u8bd5_\u4f53\u9a8c\u7248\\\\friends\\\\tpl1754634667443.png) not found in screen'\n", "end_time": 1762650092.5717478}}
{"tag": "function", "depth": 3, "time": 1762650094.7744877, "data": {"name": "_cv_match", "call_args": {"screen": "array([[[170, 117, 131],\n        [170, 117, 131],\n        [171, 118, 132],\n        ...,\n        [170, 116, 131],\n        [170, 116, 133],\n        [171, 117, 135]],\n\n       [[169, 115, 130],\n        [169, 115, 129],\n        [170, 117, 131],\n        ...,\n        [170, 116, 131],\n        [170, 116, 133],\n        [170, 116, 133]],\n\n       [[170, 116, 132],\n        [170, 116, 131],\n        [171, 118, 132],\n        ...,\n        [170, 117, 131],\n        [170, 116, 131],\n        [170, 116, 131]],\n\n       ...,\n\n       [[171, 118, 132],\n        [172, 119, 133],\n        [171, 117, 133],\n        ...,\n        [171, 118, 132],\n        [171, 118, 132],\n        [170, 117, 131]],\n\n       [[171, 118, 132],\n        [171, 118, 132],\n        [171, 118, 132],\n        ...,\n        [171, 118, 132],\n        [170, 117, 131],\n        [170, 117, 131]],\n\n       [[168, 114, 128],\n        [170, 117, 131],\n        [170, 117, 131],\n        ...,\n        [169, 115, 129],\n        [169, 115, 129],\n        [170, 117, 131]]], dtype=uint8)"}, "start_time": 1762650094.1573071, "ret": null, "end_time": 1762650094.7744877}}
{"tag": "function", "depth": 3, "time": 1762650097.4999628, "data": {"name": "_cv_match", "call_args": {"screen": "array([[[170, 117, 131],\n        [170, 117, 131],\n        [171, 118, 132],\n        ...,\n        [170, 116, 131],\n        [170, 116, 133],\n        [171, 117, 135]],\n\n       [[169, 115, 130],\n        [169, 115, 129],\n        [170, 117, 131],\n        ...,\n        [170, 116, 131],\n        [170, 116, 133],\n        [170, 116, 133]],\n\n       [[170, 116, 132],\n        [170, 116, 131],\n        [171, 118, 132],\n        ...,\n        [170, 117, 131],\n        [170, 116, 131],\n        [170, 116, 131]],\n\n       ...,\n\n       [[171, 118, 132],\n        [172, 119, 133],\n        [171, 117, 133],\n        ...,\n        [171, 118, 132],\n        [171, 118, 132],\n        [170, 117, 131]],\n\n       [[171, 118, 132],\n        [171, 118, 132],\n        [171, 118, 132],\n        ...,\n        [171, 118, 132],\n        [170, 117, 131],\n        [170, 117, 131]],\n\n       [[168, 114, 128],\n        [170, 117, 131],\n        [170, 117, 131],\n        ...,\n        [169, 115, 129],\n        [169, 115, 129],\n        [170, 117, 131]]], dtype=uint8)"}, "start_time": 1762650096.8661437, "ret": null, "end_time": 1762650097.4999628}}
{"tag": "function", "depth": 3, "time": 1762650100.1898177, "data": {"name": "_cv_match", "call_args": {"screen": "array([[[170, 117, 131],\n        [170, 117, 131],\n        [171, 118, 132],\n        ...,\n        [170, 116, 131],\n        [170, 116, 133],\n        [171, 117, 135]],\n\n       [[169, 115, 130],\n        [169, 115, 129],\n        [170, 117, 131],\n        ...,\n        [170, 116, 131],\n        [170, 116, 133],\n        [170, 116, 133]],\n\n       [[170, 116, 132],\n        [170, 116, 131],\n        [171, 118, 132],\n        ...,\n        [170, 117, 131],\n        [170, 116, 131],\n        [170, 116, 131]],\n\n       ...,\n\n       [[171, 118, 132],\n        [172, 119, 133],\n        [171, 117, 133],\n        ...,\n        [171, 118, 132],\n        [171, 118, 132],\n        [170, 117, 131]],\n\n       [[171, 118, 132],\n        [171, 118, 132],\n        [171, 118, 132],\n        ...,\n        [171, 118, 132],\n        [170, 117, 131],\n        [170, 117, 131]],\n\n       [[168, 114, 128],\n        [170, 117, 131],\n        [170, 117, 131],\n        ...,\n        [169, 115, 129],\n        [169, 115, 129],\n        [170, 117, 131]]], dtype=uint8)"}, "start_time": 1762650099.5879254, "ret": null, "end_time": 1762650100.1898177}}
{"tag": "function", "depth": 3, "time": 1762650102.9170525, "data": {"name": "_cv_match", "call_args": {"screen": "array([[[170, 117, 131],\n        [170, 117, 131],\n        [171, 118, 132],\n        ...,\n        [170, 116, 131],\n        [170, 116, 133],\n        [171, 117, 135]],\n\n       [[169, 115, 130],\n        [169, 115, 129],\n        [170, 117, 131],\n        ...,\n        [170, 116, 131],\n        [170, 116, 133],\n        [170, 116, 133]],\n\n       [[170, 116, 132],\n        [170, 116, 131],\n        [171, 118, 132],\n        ...,\n        [170, 117, 131],\n        [170, 116, 131],\n        [170, 116, 131]],\n\n       ...,\n\n       [[171, 118, 132],\n        [172, 119, 133],\n        [171, 117, 133],\n        ...,\n        [171, 118, 132],\n        [171, 118, 132],\n        [170, 117, 131]],\n\n       [[171, 118, 132],\n        [171, 118, 132],\n        [171, 118, 132],\n        ...,\n        [171, 118, 132],\n        [170, 117, 131],\n        [170, 117, 131]],\n\n       [[168, 114, 128],\n        [170, 117, 131],\n        [170, 117, 131],\n        ...,\n        [169, 115, 129],\n        [169, 115, 129],\n        [170, 117, 131]]], dtype=uint8)"}, "start_time": 1762650102.3032026, "ret": null, "end_time": 1762650102.9170525}}
{"tag": "function", "depth": 3, "time": 1762650102.934681, "data": {"name": "try_log_screen", "call_args": {"screen": "array([[[170, 117, 131],\n        [170, 117, 131],\n        [171, 118, 132],\n        ...,\n        [170, 116, 131],\n        [170, 116, 133],\n        [171, 117, 135]],\n\n       [[169, 115, 130],\n        [169, 115, 129],\n        [170, 117, 131],\n        ...,\n        [170, 116, 131],\n        [170, 116, 133],\n        [170, 116, 133]],\n\n       [[170, 116, 132],\n        [170, 116, 131],\n        [171, 118, 132],\n        ...,\n        [170, 117, 131],\n        [170, 116, 131],\n        [170, 116, 131]],\n\n       ...,\n\n       [[171, 118, 132],\n        [172, 119, 133],\n        [171, 117, 133],\n        ...,\n        [171, 118, 132],\n        [171, 118, 132],\n        [170, 117, 131]],\n\n       [[171, 118, 132],\n        [171, 118, 132],\n        [171, 118, 132],\n        ...,\n        [171, 118, 132],\n        [170, 117, 131],\n        [170, 117, 131]],\n\n       [[168, 114, 128],\n        [170, 117, 131],\n        [170, 117, 131],\n        ...,\n        [169, 115, 129],\n        [169, 115, 129],\n        [170, 117, 131]]], dtype=uint8)", "quality": null, "max_size": null}, "start_time": 1762650102.9170525, "ret": {"screen": "1762650102917.jpg", "resolution": [1176, 2480]}, "end_time": 1762650102.934681}}
{"tag": "function", "depth": 2, "time": 1762650102.934681, "data": {"name": "loop_find", "call_args": {"query": {"filename": "tpl1760961005997.png", "_filepath": "C:\\Users\\74515\\Desktop\\UI\u81ea\u52a8\u5316\u6d4b\u8bd5_\u4f53\u9a8c\u7248\\friends\\tpl1760961005997.png", "threshold": 0.8, "target_pos": 5, "record_pos": [-0.31, -0.978], "resolution": [1440, 3200], "rgb": false, "scale_max": 800, "scale_step": 0.005, "__class__": "Template"}, "timeout": 10, "threshold": 0.8, "interval": 0.5, "intervalfunc": null}, "start_time": 1762650092.5717478, "traceback": "Traceback (most recent call last):\n  File \"C:\\Users\\74515\\AppData\\Local\\Programs\\Python\\Python311\\Lib\\site-packages\\airtest\\utils\\logwraper.py\", line 134, in wrapper\n    res = f(*args, **kwargs)\n          ^^^^^^^^^^^^^^^^^^\n  File \"C:\\Users\\74515\\AppData\\Local\\Programs\\Python\\Python311\\Lib\\site-packages\\airtest\\core\\cv.py\", line 80, in loop_find\n    raise TargetNotFoundError('Picture %s not found in screen' % query)\nairtest.core.error.TargetNotFoundError: 'Picture Template(C:\\\\Users\\\\74515\\\\Desktop\\\\UI\u81ea\u52a8\u5316\u6d4b\u8bd5_\u4f53\u9a8c\u7248\\\\friends\\\\tpl1760961005997.png) not found in screen'\n", "end_time": 1762650102.934681}}
{"tag": "function", "depth": 1, "time": 1762650102.946305, "data": {"name": "assert_exists", "call_args": {"v": {"filename": "tpl1760961005997.png", "_filepath": "C:\\Users\\74515\\Desktop\\UI\u81ea\u52a8\u5316\u6d4b\u8bd5_\u4f53\u9a8c\u7248\\friends\\tpl1760961005997.png", "threshold": 0.8, "target_pos": 5, "record_pos": [-0.31, -0.978], "resolution": [1440, 3200], "rgb": false, "scale_max": 800, "scale_step": 0.005, "__class__": "Template"}, "msg": "\u8d26\u53f7\u5df2\u767b\u5f55"}, "start_time": 1762650092.5717478, "traceback": "Traceback (most recent call last):\n  File \"C:\\Users\\74515\\AppData\\Local\\Programs\\Python\\Python311\\Lib\\site-packages\\airtest\\core\\assertions.py\", line 27, in assert_exists\n    pos = loop_find(v, timeout=ST.FIND_TIMEOUT, threshold=ST.THRESHOLD_STRICT or v.threshold)\n          ^^^^^^^^^^^^^^^^^^^^^^^^^^^^^^^^^^^^^^^^^^^^^^^^^^^^^^^^^^^^^^^^^^^^^^^^^^^^^^^^^^^\n  File \"C:\\Users\\74515\\AppData\\Local\\Programs\\Python\\Python311\\Lib\\site-packages\\airtest\\utils\\logwraper.py\", line 134, in wrapper\n    res = f(*args, **kwargs)\n          ^^^^^^^^^^^^^^^^^^\n  File \"C:\\Users\\74515\\AppData\\Local\\Programs\\Python\\Python311\\Lib\\site-packages\\airtest\\core\\cv.py\", line 80, in loop_find\n    raise TargetNotFoundError('Picture %s not found in screen' % query)\nairtest.core.error.TargetNotFoundError: 'Picture Template(C:\\\\Users\\\\74515\\\\Desktop\\\\UI\u81ea\u52a8\u5316\u6d4b\u8bd5_\u4f53\u9a8c\u7248\\\\friends\\\\tpl1760961005997.png) not found in screen'\n\nDuring handling of the above exception, another exception occurred:\n\nTraceback (most recent call last):\n  File \"C:\\Users\\74515\\AppData\\Local\\Programs\\Python\\Python311\\Lib\\site-packages\\airtest\\utils\\logwraper.py\", line 134, in wrapper\n    res = f(*args, **kwargs)\n          ^^^^^^^^^^^^^^^^^^\n  File \"C:\\Users\\74515\\AppData\\Local\\Programs\\Python\\Python311\\Lib\\site-packages\\airtest\\core\\assertions.py\", line 30, in assert_exists\n    raise AssertionError(\"%s does not exist in screen, message: %s\" % (v, msg))\nAssertionError: Template(C:\\Users\\74515\\Desktop\\UI\u81ea\u52a8\u5316\u6d4b\u8bd5_\u4f53\u9a8c\u7248\\friends\\tpl1760961005997.png) does not exist in screen, message: \u8d26\u53f7\u5df2\u767b\u5f55\n", "end_time": 1762650102.946305}}
{"tag": "function", "depth": 3, "time": 1762650105.1126757, "data": {"name": "_cv_match", "call_args": {"screen": "array([[[170, 117, 131],\n        [170, 117, 131],\n        [171, 118, 132],\n        ...,\n        [170, 116, 131],\n        [170, 116, 133],\n        [171, 117, 135]],\n\n       [[169, 115, 130],\n        [169, 115, 129],\n        [170, 117, 131],\n        ...,\n        [170, 116, 131],\n        [170, 116, 133],\n        [170, 116, 133]],\n\n       [[170, 116, 132],\n        [170, 116, 131],\n        [171, 118, 132],\n        ...,\n        [170, 117, 131],\n        [170, 116, 131],\n        [170, 116, 131]],\n\n       ...,\n\n       [[171, 118, 132],\n        [172, 119, 133],\n        [171, 117, 133],\n        ...,\n        [171, 118, 132],\n        [171, 118, 132],\n        [170, 117, 131]],\n\n       [[171, 118, 132],\n        [171, 118, 132],\n        [171, 118, 132],\n        ...,\n        [171, 118, 132],\n        [170, 117, 131],\n        [170, 117, 131]],\n\n       [[168, 114, 128],\n        [170, 117, 131],\n        [170, 117, 131],\n        ...,\n        [169, 115, 129],\n        [169, 115, 129],\n        [170, 117, 131]]], dtype=uint8)"}, "start_time": 1762650104.5267668, "ret": null, "end_time": 1762650105.1126757}}
{"tag": "function", "depth": 3, "time": 1762650107.7920208, "data": {"name": "_cv_match", "call_args": {"screen": "array([[[170, 117, 131],\n        [170, 117, 131],\n        [171, 118, 132],\n        ...,\n        [170, 116, 131],\n        [170, 116, 133],\n        [171, 117, 135]],\n\n       [[169, 115, 130],\n        [169, 115, 129],\n        [170, 117, 131],\n        ...,\n        [170, 116, 131],\n        [170, 116, 133],\n        [170, 116, 133]],\n\n       [[170, 116, 132],\n        [170, 116, 131],\n        [171, 118, 132],\n        ...,\n        [170, 117, 131],\n        [170, 116, 131],\n        [170, 116, 131]],\n\n       ...,\n\n       [[171, 118, 132],\n        [172, 119, 133],\n        [171, 117, 133],\n        ...,\n        [171, 118, 132],\n        [171, 118, 132],\n        [170, 117, 131]],\n\n       [[171, 118, 132],\n        [171, 118, 132],\n        [171, 118, 132],\n        ...,\n        [171, 118, 132],\n        [170, 117, 131],\n        [170, 117, 131]],\n\n       [[168, 114, 128],\n        [170, 117, 131],\n        [170, 117, 131],\n        ...,\n        [169, 115, 129],\n        [169, 115, 129],\n        [170, 117, 131]]], dtype=uint8)"}, "start_time": 1762650107.1928124, "ret": null, "end_time": 1762650107.7920208}}
{"tag": "function", "depth": 3, "time": 1762650110.4562914, "data": {"name": "_cv_match", "call_args": {"screen": "array([[[170, 117, 131],\n        [170, 117, 131],\n        [171, 118, 132],\n        ...,\n        [170, 116, 131],\n        [170, 116, 133],\n        [171, 117, 135]],\n\n       [[169, 115, 130],\n        [169, 115, 129],\n        [170, 117, 131],\n        ...,\n        [170, 116, 131],\n        [170, 116, 133],\n        [170, 116, 133]],\n\n       [[170, 116, 132],\n        [170, 116, 131],\n        [171, 118, 132],\n        ...,\n        [170, 117, 131],\n        [170, 116, 131],\n        [170, 116, 131]],\n\n       ...,\n\n       [[171, 118, 132],\n        [172, 119, 133],\n        [171, 117, 133],\n        ...,\n        [171, 118, 132],\n        [171, 118, 132],\n        [170, 117, 131]],\n\n       [[171, 118, 132],\n        [171, 118, 132],\n        [171, 118, 132],\n        ...,\n        [171, 118, 132],\n        [170, 117, 131],\n        [170, 117, 131]],\n\n       [[168, 114, 128],\n        [170, 117, 131],\n        [170, 117, 131],\n        ...,\n        [169, 115, 129],\n        [169, 115, 129],\n        [170, 117, 131]]], dtype=uint8)"}, "start_time": 1762650109.8532598, "ret": null, "end_time": 1762650110.4562914}}
{"tag": "function", "depth": 3, "time": 1762650113.131777, "data": {"name": "_cv_match", "call_args": {"screen": "array([[[170, 117, 131],\n        [170, 117, 131],\n        [171, 118, 132],\n        ...,\n        [170, 116, 131],\n        [170, 116, 133],\n        [171, 117, 135]],\n\n       [[169, 115, 130],\n        [169, 115, 129],\n        [170, 117, 131],\n        ...,\n        [170, 116, 131],\n        [170, 116, 133],\n        [170, 116, 133]],\n\n       [[170, 116, 132],\n        [170, 116, 131],\n        [171, 118, 132],\n        ...,\n        [170, 117, 131],\n        [170, 116, 131],\n        [170, 116, 131]],\n\n       ...,\n\n       [[171, 118, 132],\n        [172, 119, 133],\n        [171, 117, 133],\n        ...,\n        [171, 118, 132],\n        [171, 118, 132],\n        [170, 117, 131]],\n\n       [[171, 118, 132],\n        [171, 118, 132],\n        [171, 118, 132],\n        ...,\n        [171, 118, 132],\n        [170, 117, 131],\n        [170, 117, 131]],\n\n       [[168, 114, 128],\n        [170, 117, 131],\n        [170, 117, 131],\n        ...,\n        [169, 115, 129],\n        [169, 115, 129],\n        [170, 117, 131]]], dtype=uint8)"}, "start_time": 1762650112.5433226, "ret": null, "end_time": 1762650113.131777}}
{"tag": "function", "depth": 3, "time": 1762650113.1475098, "data": {"name": "try_log_screen", "call_args": {"screen": "array([[[170, 117, 131],\n        [170, 117, 131],\n        [171, 118, 132],\n        ...,\n        [170, 116, 131],\n        [170, 116, 133],\n        [171, 117, 135]],\n\n       [[169, 115, 130],\n        [169, 115, 129],\n        [170, 117, 131],\n        ...,\n        [170, 116, 131],\n        [170, 116, 133],\n        [170, 116, 133]],\n\n       [[170, 116, 132],\n        [170, 116, 131],\n        [171, 118, 132],\n        ...,\n        [170, 117, 131],\n        [170, 116, 131],\n        [170, 116, 131]],\n\n       ...,\n\n       [[171, 118, 132],\n        [172, 119, 133],\n        [171, 117, 133],\n        ...,\n        [171, 118, 132],\n        [171, 118, 132],\n        [170, 117, 131]],\n\n       [[171, 118, 132],\n        [171, 118, 132],\n        [171, 118, 132],\n        ...,\n        [171, 118, 132],\n        [170, 117, 131],\n        [170, 117, 131]],\n\n       [[168, 114, 128],\n        [170, 117, 131],\n        [170, 117, 131],\n        ...,\n        [169, 115, 129],\n        [169, 115, 129],\n        [170, 117, 131]]], dtype=uint8)", "quality": null, "max_size": null}, "start_time": 1762650113.131777, "ret": {"screen": "1762650113131.jpg", "resolution": [1176, 2480]}, "end_time": 1762650113.1475098}}
{"tag": "function", "depth": 2, "time": 1762650113.1475098, "data": {"name": "loop_find", "call_args": {"query": {"filename": "tpl1754634667443.png", "_filepath": "C:\\Users\\74515\\Desktop\\UI\u81ea\u52a8\u5316\u6d4b\u8bd5_\u4f53\u9a8c\u7248\\friends\\tpl1754634667443.png", "threshold": 0.8, "target_pos": 5, "record_pos": [-0.287, -0.897], "resolution": [1176, 2480], "rgb": false, "scale_max": 800, "scale_step": 0.005, "__class__": "Template"}, "timeout": 10, "threshold": null, "interval": 0.5, "intervalfunc": null}, "start_time": 1762650102.946305, "traceback": "Traceback (most recent call last):\n  File \"C:\\Users\\74515\\AppData\\Local\\Programs\\Python\\Python311\\Lib\\site-packages\\airtest\\utils\\logwraper.py\", line 134, in wrapper\n    res = f(*args, **kwargs)\n          ^^^^^^^^^^^^^^^^^^\n  File \"C:\\Users\\74515\\AppData\\Local\\Programs\\Python\\Python311\\Lib\\site-packages\\airtest\\core\\cv.py\", line 80, in loop_find\n    raise TargetNotFoundError('Picture %s not found in screen' % query)\nairtest.core.error.TargetNotFoundError: 'Picture Template(C:\\\\Users\\\\74515\\\\Desktop\\\\UI\u81ea\u52a8\u5316\u6d4b\u8bd5_\u4f53\u9a8c\u7248\\\\friends\\\\tpl1754634667443.png) not found in screen'\n", "end_time": 1762650113.1475098}}
{"tag": "function", "depth": 1, "time": 1762650113.1475098, "data": {"name": "touch", "call_args": {"v": {"filename": "tpl1754634667443.png", "_filepath": "C:\\Users\\74515\\Desktop\\UI\u81ea\u52a8\u5316\u6d4b\u8bd5_\u4f53\u9a8c\u7248\\friends\\tpl1754634667443.png", "threshold": 0.8, "target_pos": 5, "record_pos": [-0.287, -0.897], "resolution": [1176, 2480], "rgb": false, "scale_max": 800, "scale_step": 0.005, "__class__": "Template"}, "kwargs": {}, "times": 1}, "start_time": 1762650102.946305, "traceback": "Traceback (most recent call last):\n  File \"C:\\Users\\74515\\AppData\\Local\\Programs\\Python\\Python311\\Lib\\site-packages\\airtest\\utils\\logwraper.py\", line 134, in wrapper\n    res = f(*args, **kwargs)\n          ^^^^^^^^^^^^^^^^^^\n  File \"C:\\Users\\74515\\AppData\\Local\\Programs\\Python\\Python311\\Lib\\site-packages\\airtest\\core\\api.py\", line 366, in touch\n    pos = loop_find(v, timeout=ST.FIND_TIMEOUT)\n          ^^^^^^^^^^^^^^^^^^^^^^^^^^^^^^^^^^^^^\n  File \"C:\\Users\\74515\\AppData\\Local\\Programs\\Python\\Python311\\Lib\\site-packages\\airtest\\utils\\logwraper.py\", line 134, in wrapper\n    res = f(*args, **kwargs)\n          ^^^^^^^^^^^^^^^^^^\n  File \"C:\\Users\\74515\\AppData\\Local\\Programs\\Python\\Python311\\Lib\\site-packages\\airtest\\core\\cv.py\", line 80, in loop_find\n    raise TargetNotFoundError('Picture %s not found in screen' % query)\nairtest.core.error.TargetNotFoundError: 'Picture Template(C:\\\\Users\\\\74515\\\\Desktop\\\\UI\u81ea\u52a8\u5316\u6d4b\u8bd5_\u4f53\u9a8c\u7248\\\\friends\\\\tpl1754634667443.png) not found in screen'\n", "end_time": 1762650113.1475098}}
{"tag": "function", "depth": 3, "time": 1762650115.3370547, "data": {"name": "_cv_match", "call_args": {"screen": "array([[[170, 117, 131],\n        [170, 117, 131],\n        [171, 118, 132],\n        ...,\n        [170, 116, 131],\n        [170, 116, 133],\n        [171, 117, 135]],\n\n       [[169, 115, 130],\n        [169, 115, 129],\n        [170, 117, 131],\n        ...,\n        [170, 116, 131],\n        [170, 116, 133],\n        [170, 116, 133]],\n\n       [[170, 116, 132],\n        [170, 116, 131],\n        [171, 118, 132],\n        ...,\n        [170, 117, 131],\n        [170, 116, 131],\n        [170, 116, 131]],\n\n       ...,\n\n       [[171, 118, 132],\n        [172, 119, 133],\n        [171, 117, 133],\n        ...,\n        [171, 118, 132],\n        [171, 118, 132],\n        [170, 117, 131]],\n\n       [[171, 118, 132],\n        [171, 118, 132],\n        [171, 118, 132],\n        ...,\n        [171, 118, 132],\n        [170, 117, 131],\n        [170, 117, 131]],\n\n       [[168, 114, 128],\n        [170, 117, 131],\n        [170, 117, 131],\n        ...,\n        [169, 115, 129],\n        [169, 115, 129],\n        [170, 117, 131]]], dtype=uint8)"}, "start_time": 1762650114.7360213, "ret": null, "end_time": 1762650115.3370547}}
{"tag": "function", "depth": 3, "time": 1762650117.9719698, "data": {"name": "_cv_match", "call_args": {"screen": "array([[[170, 117, 131],\n        [170, 117, 131],\n        [171, 118, 132],\n        ...,\n        [170, 116, 131],\n        [170, 116, 133],\n        [171, 117, 135]],\n\n       [[169, 115, 130],\n        [169, 115, 129],\n        [170, 117, 131],\n        ...,\n        [170, 116, 131],\n        [170, 116, 133],\n        [170, 116, 133]],\n\n       [[170, 116, 132],\n        [170, 116, 131],\n        [171, 118, 132],\n        ...,\n        [170, 117, 131],\n        [170, 116, 131],\n        [170, 116, 131]],\n\n       ...,\n\n       [[171, 118, 132],\n        [172, 119, 133],\n        [171, 117, 133],\n        ...,\n        [171, 118, 132],\n        [171, 118, 132],\n        [170, 117, 131]],\n\n       [[171, 118, 132],\n        [171, 118, 132],\n        [171, 118, 132],\n        ...,\n        [171, 118, 132],\n        [170, 117, 131],\n        [170, 117, 131]],\n\n       [[168, 114, 128],\n        [170, 117, 131],\n        [170, 117, 131],\n        ...,\n        [169, 115, 129],\n        [169, 115, 129],\n        [170, 117, 131]]], dtype=uint8)"}, "start_time": 1762650117.3847454, "ret": null, "end_time": 1762650117.9719698}}
{"tag": "function", "depth": 3, "time": 1762650120.6718395, "data": {"name": "_cv_match", "call_args": {"screen": "array([[[170, 117, 131],\n        [170, 117, 131],\n        [171, 118, 132],\n        ...,\n        [170, 116, 131],\n        [170, 116, 133],\n        [171, 117, 135]],\n\n       [[169, 115, 130],\n        [169, 115, 129],\n        [170, 117, 131],\n        ...,\n        [170, 116, 131],\n        [170, 116, 133],\n        [170, 116, 133]],\n\n       [[170, 116, 132],\n        [170, 116, 131],\n        [171, 118, 132],\n        ...,\n        [170, 117, 131],\n        [170, 116, 131],\n        [170, 116, 131]],\n\n       ...,\n\n       [[171, 118, 132],\n        [172, 119, 133],\n        [171, 117, 133],\n        ...,\n        [171, 118, 132],\n        [171, 118, 132],\n        [170, 117, 131]],\n\n       [[171, 118, 132],\n        [171, 118, 132],\n        [171, 118, 132],\n        ...,\n        [171, 118, 132],\n        [170, 117, 131],\n        [170, 117, 131]],\n\n       [[168, 114, 128],\n        [170, 117, 131],\n        [170, 117, 131],\n        ...,\n        [169, 115, 129],\n        [169, 115, 129],\n        [170, 117, 131]]], dtype=uint8)"}, "start_time": 1762650120.068925, "ret": null, "end_time": 1762650120.6718395}}
{"tag": "function", "depth": 3, "time": 1762650123.343187, "data": {"name": "_cv_match", "call_args": {"screen": "array([[[170, 117, 131],\n        [170, 117, 131],\n        [171, 118, 132],\n        ...,\n        [170, 116, 131],\n        [170, 116, 133],\n        [171, 117, 135]],\n\n       [[169, 115, 130],\n        [169, 115, 129],\n        [170, 117, 131],\n        ...,\n        [170, 116, 131],\n        [170, 116, 133],\n        [170, 116, 133]],\n\n       [[170, 116, 132],\n        [170, 116, 131],\n        [171, 118, 132],\n        ...,\n        [170, 117, 131],\n        [170, 116, 131],\n        [170, 116, 131]],\n\n       ...,\n\n       [[171, 118, 132],\n        [172, 119, 133],\n        [171, 117, 133],\n        ...,\n        [171, 118, 132],\n        [171, 118, 132],\n        [170, 117, 131]],\n\n       [[171, 118, 132],\n        [171, 118, 132],\n        [171, 118, 132],\n        ...,\n        [171, 118, 132],\n        [170, 117, 131],\n        [170, 117, 131]],\n\n       [[168, 114, 128],\n        [170, 117, 131],\n        [170, 117, 131],\n        ...,\n        [169, 115, 129],\n        [169, 115, 129],\n        [170, 117, 131]]], dtype=uint8)"}, "start_time": 1762650122.7539468, "ret": null, "end_time": 1762650123.343187}}
{"tag": "function", "depth": 3, "time": 1762650123.3592367, "data": {"name": "try_log_screen", "call_args": {"screen": "array([[[170, 117, 131],\n        [170, 117, 131],\n        [171, 118, 132],\n        ...,\n        [170, 116, 131],\n        [170, 116, 133],\n        [171, 117, 135]],\n\n       [[169, 115, 130],\n        [169, 115, 129],\n        [170, 117, 131],\n        ...,\n        [170, 116, 131],\n        [170, 116, 133],\n        [170, 116, 133]],\n\n       [[170, 116, 132],\n        [170, 116, 131],\n        [171, 118, 132],\n        ...,\n        [170, 117, 131],\n        [170, 116, 131],\n        [170, 116, 131]],\n\n       ...,\n\n       [[171, 118, 132],\n        [172, 119, 133],\n        [171, 117, 133],\n        ...,\n        [171, 118, 132],\n        [171, 118, 132],\n        [170, 117, 131]],\n\n       [[171, 118, 132],\n        [171, 118, 132],\n        [171, 118, 132],\n        ...,\n        [171, 118, 132],\n        [170, 117, 131],\n        [170, 117, 131]],\n\n       [[168, 114, 128],\n        [170, 117, 131],\n        [170, 117, 131],\n        ...,\n        [169, 115, 129],\n        [169, 115, 129],\n        [170, 117, 131]]], dtype=uint8)", "quality": null, "max_size": null}, "start_time": 1762650123.343187, "ret": {"screen": "1762650123343.jpg", "resolution": [1176, 2480]}, "end_time": 1762650123.3592367}}
{"tag": "function", "depth": 2, "time": 1762650123.3592367, "data": {"name": "loop_find", "call_args": {"query": {"filename": "tpl1760961005997.png", "_filepath": "C:\\Users\\74515\\Desktop\\UI\u81ea\u52a8\u5316\u6d4b\u8bd5_\u4f53\u9a8c\u7248\\friends\\tpl1760961005997.png", "threshold": 0.8, "target_pos": 5, "record_pos": [-0.31, -0.978], "resolution": [1440, 3200], "rgb": false, "scale_max": 800, "scale_step": 0.005, "__class__": "Template"}, "timeout": 10, "threshold": 0.8, "interval": 0.5, "intervalfunc": null}, "start_time": 1762650113.1547475, "traceback": "Traceback (most recent call last):\n  File \"C:\\Users\\74515\\AppData\\Local\\Programs\\Python\\Python311\\Lib\\site-packages\\airtest\\utils\\logwraper.py\", line 134, in wrapper\n    res = f(*args, **kwargs)\n          ^^^^^^^^^^^^^^^^^^\n  File \"C:\\Users\\74515\\AppData\\Local\\Programs\\Python\\Python311\\Lib\\site-packages\\airtest\\core\\cv.py\", line 80, in loop_find\n    raise TargetNotFoundError('Picture %s not found in screen' % query)\nairtest.core.error.TargetNotFoundError: 'Picture Template(C:\\\\Users\\\\74515\\\\Desktop\\\\UI\u81ea\u52a8\u5316\u6d4b\u8bd5_\u4f53\u9a8c\u7248\\\\friends\\\\tpl1760961005997.png) not found in screen'\n", "end_time": 1762650123.3592367}}
{"tag": "function", "depth": 1, "time": 1762650123.3592367, "data": {"name": "assert_exists", "call_args": {"v": {"filename": "tpl1760961005997.png", "_filepath": "C:\\Users\\74515\\Desktop\\UI\u81ea\u52a8\u5316\u6d4b\u8bd5_\u4f53\u9a8c\u7248\\friends\\tpl1760961005997.png", "threshold": 0.8, "target_pos": 5, "record_pos": [-0.31, -0.978], "resolution": [1440, 3200], "rgb": false, "scale_max": 800, "scale_step": 0.005, "__class__": "Template"}, "msg": "\u8d26\u53f7\u5df2\u767b\u5f55"}, "start_time": 1762650113.1547475, "traceback": "Traceback (most recent call last):\n  File \"C:\\Users\\74515\\AppData\\Local\\Programs\\Python\\Python311\\Lib\\site-packages\\airtest\\core\\assertions.py\", line 27, in assert_exists\n    pos = loop_find(v, timeout=ST.FIND_TIMEOUT, threshold=ST.THRESHOLD_STRICT or v.threshold)\n          ^^^^^^^^^^^^^^^^^^^^^^^^^^^^^^^^^^^^^^^^^^^^^^^^^^^^^^^^^^^^^^^^^^^^^^^^^^^^^^^^^^^\n  File \"C:\\Users\\74515\\AppData\\Local\\Programs\\Python\\Python311\\Lib\\site-packages\\airtest\\utils\\logwraper.py\", line 134, in wrapper\n    res = f(*args, **kwargs)\n          ^^^^^^^^^^^^^^^^^^\n  File \"C:\\Users\\74515\\AppData\\Local\\Programs\\Python\\Python311\\Lib\\site-packages\\airtest\\core\\cv.py\", line 80, in loop_find\n    raise TargetNotFoundError('Picture %s not found in screen' % query)\nairtest.core.error.TargetNotFoundError: 'Picture Template(C:\\\\Users\\\\74515\\\\Desktop\\\\UI\u81ea\u52a8\u5316\u6d4b\u8bd5_\u4f53\u9a8c\u7248\\\\friends\\\\tpl1760961005997.png) not found in screen'\n\nDuring handling of the above exception, another exception occurred:\n\nTraceback (most recent call last):\n  File \"C:\\Users\\74515\\AppData\\Local\\Programs\\Python\\Python311\\Lib\\site-packages\\airtest\\utils\\logwraper.py\", line 134, in wrapper\n    res = f(*args, **kwargs)\n          ^^^^^^^^^^^^^^^^^^\n  File \"C:\\Users\\74515\\AppData\\Local\\Programs\\Python\\Python311\\Lib\\site-packages\\airtest\\core\\assertions.py\", line 30, in assert_exists\n    raise AssertionError(\"%s does not exist in screen, message: %s\" % (v, msg))\nAssertionError: Template(C:\\Users\\74515\\Desktop\\UI\u81ea\u52a8\u5316\u6d4b\u8bd5_\u4f53\u9a8c\u7248\\friends\\tpl1760961005997.png) does not exist in screen, message: \u8d26\u53f7\u5df2\u767b\u5f55\n", "end_time": 1762650123.3592367}}
{"tag": "function", "depth": 3, "time": 1762650125.6473405, "data": {"name": "_cv_match", "call_args": {"screen": "array([[[170, 117, 131],\n        [170, 117, 131],\n        [171, 118, 132],\n        ...,\n        [170, 116, 131],\n        [170, 116, 133],\n        [171, 117, 135]],\n\n       [[169, 115, 130],\n        [169, 115, 129],\n        [170, 117, 131],\n        ...,\n        [170, 116, 131],\n        [170, 116, 133],\n        [170, 116, 133]],\n\n       [[170, 116, 132],\n        [170, 116, 131],\n        [171, 118, 132],\n        ...,\n        [170, 117, 131],\n        [170, 116, 131],\n        [170, 116, 131]],\n\n       ...,\n\n       [[171, 118, 132],\n        [172, 119, 133],\n        [171, 117, 133],\n        ...,\n        [171, 118, 132],\n        [171, 118, 132],\n        [170, 117, 131]],\n\n       [[171, 118, 132],\n        [171, 118, 132],\n        [171, 118, 132],\n        ...,\n        [171, 118, 132],\n        [170, 117, 131],\n        [170, 117, 131]],\n\n       [[168, 114, 128],\n        [170, 117, 131],\n        [170, 117, 131],\n        ...,\n        [169, 115, 129],\n        [169, 115, 129],\n        [170, 117, 131]]], dtype=uint8)"}, "start_time": 1762650124.94941, "ret": null, "end_time": 1762650125.6473405}}
{"tag": "function", "depth": 3, "time": 1762650128.455875, "data": {"name": "_cv_match", "call_args": {"screen": "array([[[170, 117, 131],\n        [170, 117, 131],\n        [171, 118, 132],\n        ...,\n        [170, 116, 131],\n        [170, 116, 133],\n        [171, 117, 135]],\n\n       [[169, 115, 130],\n        [169, 115, 129],\n        [170, 117, 131],\n        ...,\n        [170, 116, 131],\n        [170, 116, 133],\n        [170, 116, 133]],\n\n       [[170, 116, 132],\n        [170, 116, 131],\n        [171, 118, 132],\n        ...,\n        [170, 117, 131],\n        [170, 116, 131],\n        [170, 116, 131]],\n\n       ...,\n\n       [[171, 118, 132],\n        [172, 119, 133],\n        [171, 117, 133],\n        ...,\n        [171, 118, 132],\n        [171, 118, 132],\n        [170, 117, 131]],\n\n       [[171, 118, 132],\n        [171, 118, 132],\n        [171, 118, 132],\n        ...,\n        [171, 118, 132],\n        [170, 117, 131],\n        [170, 117, 131]],\n\n       [[168, 114, 128],\n        [170, 117, 131],\n        [170, 117, 131],\n        ...,\n        [169, 115, 129],\n        [169, 115, 129],\n        [170, 117, 131]]], dtype=uint8)"}, "start_time": 1762650127.7521064, "ret": null, "end_time": 1762650128.455875}}
{"tag": "function", "depth": 3, "time": 1762650131.2487757, "data": {"name": "_cv_match", "call_args": {"screen": "array([[[170, 117, 131],\n        [170, 117, 131],\n        [171, 118, 132],\n        ...,\n        [170, 116, 131],\n        [170, 116, 133],\n        [171, 117, 135]],\n\n       [[169, 115, 130],\n        [169, 115, 129],\n        [170, 117, 131],\n        ...,\n        [170, 116, 131],\n        [170, 116, 133],\n        [170, 116, 133]],\n\n       [[170, 116, 132],\n        [170, 116, 131],\n        [171, 118, 132],\n        ...,\n        [170, 117, 131],\n        [170, 116, 131],\n        [170, 116, 131]],\n\n       ...,\n\n       [[171, 118, 132],\n        [172, 119, 133],\n        [171, 117, 133],\n        ...,\n        [171, 118, 132],\n        [171, 118, 132],\n        [170, 117, 131]],\n\n       [[171, 118, 132],\n        [171, 118, 132],\n        [171, 118, 132],\n        ...,\n        [171, 118, 132],\n        [170, 117, 131],\n        [170, 117, 131]],\n\n       [[168, 114, 128],\n        [170, 117, 131],\n        [170, 117, 131],\n        ...,\n        [169, 115, 129],\n        [169, 115, 129],\n        [170, 117, 131]]], dtype=uint8)"}, "start_time": 1762650130.5313773, "ret": null, "end_time": 1762650131.2487757}}
{"tag": "function", "depth": 3, "time": 1762650134.0075078, "data": {"name": "_cv_match", "call_args": {"screen": "array([[[170, 117, 131],\n        [170, 117, 131],\n        [171, 118, 132],\n        ...,\n        [170, 116, 131],\n        [170, 116, 133],\n        [171, 117, 135]],\n\n       [[169, 115, 130],\n        [169, 115, 129],\n        [170, 117, 131],\n        ...,\n        [170, 116, 131],\n        [170, 116, 133],\n        [170, 116, 133]],\n\n       [[170, 116, 132],\n        [170, 116, 131],\n        [171, 118, 132],\n        ...,\n        [170, 117, 131],\n        [170, 116, 131],\n        [170, 116, 131]],\n\n       ...,\n\n       [[171, 118, 132],\n        [172, 119, 133],\n        [171, 117, 133],\n        ...,\n        [171, 118, 132],\n        [171, 118, 132],\n        [170, 117, 131]],\n\n       [[171, 118, 132],\n        [171, 118, 132],\n        [171, 118, 132],\n        ...,\n        [171, 118, 132],\n        [170, 117, 131],\n        [170, 117, 131]],\n\n       [[168, 114, 128],\n        [170, 117, 131],\n        [170, 117, 131],\n        ...,\n        [169, 115, 129],\n        [169, 115, 129],\n        [170, 117, 131]]], dtype=uint8)"}, "start_time": 1762650133.3203762, "ret": null, "end_time": 1762650134.0075078}}
{"tag": "function", "depth": 3, "time": 1762650134.02365, "data": {"name": "try_log_screen", "call_args": {"screen": "array([[[170, 117, 131],\n        [170, 117, 131],\n        [171, 118, 132],\n        ...,\n        [170, 116, 131],\n        [170, 116, 133],\n        [171, 117, 135]],\n\n       [[169, 115, 130],\n        [169, 115, 129],\n        [170, 117, 131],\n        ...,\n        [170, 116, 131],\n        [170, 116, 133],\n        [170, 116, 133]],\n\n       [[170, 116, 132],\n        [170, 116, 131],\n        [171, 118, 132],\n        ...,\n        [170, 117, 131],\n        [170, 116, 131],\n        [170, 116, 131]],\n\n       ...,\n\n       [[171, 118, 132],\n        [172, 119, 133],\n        [171, 117, 133],\n        ...,\n        [171, 118, 132],\n        [171, 118, 132],\n        [170, 117, 131]],\n\n       [[171, 118, 132],\n        [171, 118, 132],\n        [171, 118, 132],\n        ...,\n        [171, 118, 132],\n        [170, 117, 131],\n        [170, 117, 131]],\n\n       [[168, 114, 128],\n        [170, 117, 131],\n        [170, 117, 131],\n        ...,\n        [169, 115, 129],\n        [169, 115, 129],\n        [170, 117, 131]]], dtype=uint8)", "quality": null, "max_size": null}, "start_time": 1762650134.0075078, "ret": {"screen": "1762650134007.jpg", "resolution": [1176, 2480]}, "end_time": 1762650134.02365}}
{"tag": "function", "depth": 2, "time": 1762650134.02365, "data": {"name": "loop_find", "call_args": {"query": {"filename": "tpl1754459694986.png", "_filepath": "C:\\Users\\74515\\Desktop\\UI\u81ea\u52a8\u5316\u6d4b\u8bd5_\u4f53\u9a8c\u7248\\friends\\tpl1754459694986.png", "threshold": 0.6499999999999999, "target_pos": 5, "record_pos": [0.373, 1.007], "resolution": [1440, 3200], "rgb": false, "scale_max": 800, "scale_step": 0.005, "__class__": "Template"}, "timeout": 10, "threshold": null, "interval": 0.5, "intervalfunc": null}, "start_time": 1762650123.3752422, "traceback": "Traceback (most recent call last):\n  File \"C:\\Users\\74515\\AppData\\Local\\Programs\\Python\\Python311\\Lib\\site-packages\\airtest\\utils\\logwraper.py\", line 134, in wrapper\n    res = f(*args, **kwargs)\n          ^^^^^^^^^^^^^^^^^^\n  File \"C:\\Users\\74515\\AppData\\Local\\Programs\\Python\\Python311\\Lib\\site-packages\\airtest\\core\\cv.py\", line 80, in loop_find\n    raise TargetNotFoundError('Picture %s not found in screen' % query)\nairtest.core.error.TargetNotFoundError: 'Picture Template(C:\\\\Users\\\\74515\\\\Desktop\\\\UI\u81ea\u52a8\u5316\u6d4b\u8bd5_\u4f53\u9a8c\u7248\\\\friends\\\\tpl1754459694986.png) not found in screen'\n", "end_time": 1762650134.02365}}
{"tag": "function", "depth": 1, "time": 1762650134.02365, "data": {"name": "touch", "call_args": {"v": {"filename": "tpl1754459694986.png", "_filepath": "C:\\Users\\74515\\Desktop\\UI\u81ea\u52a8\u5316\u6d4b\u8bd5_\u4f53\u9a8c\u7248\\friends\\tpl1754459694986.png", "threshold": 0.6499999999999999, "target_pos": 5, "record_pos": [0.373, 1.007], "resolution": [1440, 3200], "rgb": false, "scale_max": 800, "scale_step": 0.005, "__class__": "Template"}, "kwargs": {}, "times": 1}, "start_time": 1762650123.3752422, "traceback": "Traceback (most recent call last):\n  File \"C:\\Users\\74515\\AppData\\Local\\Programs\\Python\\Python311\\Lib\\site-packages\\airtest\\utils\\logwraper.py\", line 134, in wrapper\n    res = f(*args, **kwargs)\n          ^^^^^^^^^^^^^^^^^^\n  File \"C:\\Users\\74515\\AppData\\Local\\Programs\\Python\\Python311\\Lib\\site-packages\\airtest\\core\\api.py\", line 366, in touch\n    pos = loop_find(v, timeout=ST.FIND_TIMEOUT)\n          ^^^^^^^^^^^^^^^^^^^^^^^^^^^^^^^^^^^^^\n  File \"C:\\Users\\74515\\AppData\\Local\\Programs\\Python\\Python311\\Lib\\site-packages\\airtest\\utils\\logwraper.py\", line 134, in wrapper\n    res = f(*args, **kwargs)\n          ^^^^^^^^^^^^^^^^^^\n  File \"C:\\Users\\74515\\AppData\\Local\\Programs\\Python\\Python311\\Lib\\site-packages\\airtest\\core\\cv.py\", line 80, in loop_find\n    raise TargetNotFoundError('Picture %s not found in screen' % query)\nairtest.core.error.TargetNotFoundError: 'Picture Template(C:\\\\Users\\\\74515\\\\Desktop\\\\UI\u81ea\u52a8\u5316\u6d4b\u8bd5_\u4f53\u9a8c\u7248\\\\friends\\\\tpl1754459694986.png) not found in screen'\n", "end_time": 1762650134.02365}}
